2022-02-10 16:05:23.451+0000 INFO [o.n.g.f.m.e.CommunityEditionModule] No locking implementation specified, defaulting to 'community'
2022-02-10 16:05:23.748+0000 INFO [o.n.g.f.GraphDatabaseFacadeFactory] Creating 'graph.db' database.
2022-02-10 16:05:23.825+0000 INFO [o.n.k.a.DatabaseAvailabilityGuard] Requirement `Database available` makes database graph.db unavailable.
2022-02-10 16:05:23.834+0000 INFO [o.n.k.a.DatabaseAvailabilityGuard] Database graph.db is unavailable.
2022-02-10 16:05:23.878+0000 INFO [o.n.i.d.DiagnosticsManager] --- INITIALIZED diagnostics START ---
2022-02-10 16:05:23.879+0000 INFO [o.n.i.d.DiagnosticsManager] Neo4j Kernel properties:
2022-02-10 16:05:23.879+0000 INFO [o.n.i.d.DiagnosticsManager] dbms.connector.http.enabled=true
2022-02-10 16:05:23.880+0000 INFO [o.n.i.d.DiagnosticsManager] dbms.security.auth_enabled=true
2022-02-10 16:05:23.880+0000 INFO [o.n.i.d.DiagnosticsManager] dbms.windows_service_name=neo4j
2022-02-10 16:05:23.880+0000 INFO [o.n.i.d.DiagnosticsManager] dbms.connector.http.listen_address=0.0.0.0:7474
2022-02-10 16:05:23.880+0000 INFO [o.n.i.d.DiagnosticsManager] dbms.connector.https.listen_address=0.0.0.0:7473
2022-02-10 16:05:23.880+0000 INFO [o.n.i.d.DiagnosticsManager] unsupported.dbms.directories.neo4j_home=/var/lib/neo4j
2022-02-10 16:05:23.880+0000 INFO [o.n.i.d.DiagnosticsManager] dbms.connector.bolt.listen_address=0.0.0.0:7687
2022-02-10 16:05:23.880+0000 INFO [o.n.i.d.DiagnosticsManager] dbms.directories.import=/import
2022-02-10 16:05:23.880+0000 INFO [o.n.i.d.DiagnosticsManager] dbms.memory.pagecache.size=1G
2022-02-10 16:05:23.880+0000 INFO [o.n.i.d.DiagnosticsManager] unsupported.dbms.edition=community
2022-02-10 16:05:23.880+0000 INFO [o.n.i.d.DiagnosticsManager] dbms.directories.logs=/logs
2022-02-10 16:05:23.880+0000 INFO [o.n.i.d.DiagnosticsManager] dbms.connector.bolt.enabled=true
2022-02-10 16:05:23.880+0000 INFO [o.n.i.d.DiagnosticsManager] dbms.connector.https.enabled=true
2022-02-10 16:05:23.880+0000 INFO [o.n.i.d.DiagnosticsManager] dbms.jvm.additional=-XX:+UseG1GC
2022-02-10 16:05:23.881+0000 INFO [o.n.i.d.DiagnosticsManager] wrapper.java.additional=-Dneo4j.ext.udc.source=docker
2022-02-10 16:05:23.881+0000 INFO [o.n.i.d.DiagnosticsManager] dbms.directories.plugins=/plugins
2022-02-10 16:05:23.881+0000 INFO [o.n.i.d.DiagnosticsManager] dbms.tx_log.rotation.retention_policy=1 days
2022-02-10 16:05:23.881+0000 INFO [o.n.i.d.DiagnosticsManager] dbms.connectors.default_listen_address=0.0.0.0
2022-02-10 16:05:23.881+0000 INFO [o.n.i.d.DiagnosticsManager] dbms.memory.heap.max_size=1G
2022-02-10 16:05:23.881+0000 INFO [o.n.i.d.DiagnosticsManager] Diagnostics providers:
2022-02-10 16:05:23.881+0000 INFO [o.n.i.d.DiagnosticsManager] org.neo4j.kernel.configuration.Config
2022-02-10 16:05:23.881+0000 INFO [o.n.i.d.DiagnosticsManager] org.neo4j.internal.diagnostics.DiagnosticsManager
2022-02-10 16:05:23.881+0000 INFO [o.n.i.d.DiagnosticsManager] SYSTEM_MEMORY
2022-02-10 16:05:23.881+0000 INFO [o.n.i.d.DiagnosticsManager] JAVA_MEMORY
2022-02-10 16:05:23.881+0000 INFO [o.n.i.d.DiagnosticsManager] OPERATING_SYSTEM
2022-02-10 16:05:23.881+0000 INFO [o.n.i.d.DiagnosticsManager] JAVA_VIRTUAL_MACHINE
2022-02-10 16:05:23.881+0000 INFO [o.n.i.d.DiagnosticsManager] CLASSPATH
2022-02-10 16:05:23.882+0000 INFO [o.n.i.d.DiagnosticsManager] LIBRARY_PATH
2022-02-10 16:05:23.882+0000 INFO [o.n.i.d.DiagnosticsManager] SYSTEM_PROPERTIES
2022-02-10 16:05:23.882+0000 INFO [o.n.i.d.DiagnosticsManager] TIMEZONE_DATABASE
2022-02-10 16:05:23.882+0000 INFO [o.n.i.d.DiagnosticsManager] LINUX_SCHEDULERS
2022-02-10 16:05:23.882+0000 INFO [o.n.i.d.DiagnosticsManager] NETWORK
2022-02-10 16:05:23.882+0000 INFO [o.n.i.d.DiagnosticsManager] System memory information:
2022-02-10 16:05:23.892+0000 INFO [o.n.i.d.DiagnosticsManager] Total Physical memory: 7.77 GB
2022-02-10 16:05:23.893+0000 INFO [o.n.i.d.DiagnosticsManager] Free Physical memory: 3.32 GB
2022-02-10 16:05:23.893+0000 INFO [o.n.i.d.DiagnosticsManager] Committed virtual memory: 4.49 GB
2022-02-10 16:05:23.893+0000 INFO [o.n.i.d.DiagnosticsManager] Total swap space: 2.00 GB
2022-02-10 16:05:23.893+0000 INFO [o.n.i.d.DiagnosticsManager] Free swap space: 1.99 GB
2022-02-10 16:05:23.893+0000 INFO [o.n.i.d.DiagnosticsManager] JVM memory information:
2022-02-10 16:05:23.893+0000 INFO [o.n.i.d.DiagnosticsManager] Free  memory: 98.48 MB
2022-02-10 16:05:23.894+0000 INFO [o.n.i.d.DiagnosticsManager] Total memory: 126.00 MB
2022-02-10 16:05:23.894+0000 INFO [o.n.i.d.DiagnosticsManager] Max   memory: 1.00 GB
2022-02-10 16:05:23.895+0000 INFO [o.n.i.d.DiagnosticsManager] Garbage Collector: G1 Young Generation: [G1 Eden Space, G1 Survivor Space, G1 Old Gen]
2022-02-10 16:05:23.897+0000 INFO [o.n.i.d.DiagnosticsManager] Garbage Collector: G1 Old Generation: [G1 Eden Space, G1 Survivor Space, G1 Old Gen]
2022-02-10 16:05:23.897+0000 INFO [o.n.i.d.DiagnosticsManager] Memory Pool: Code Cache (Non-heap memory): committed=6.75 MB, used=6.70 MB, max=240.00 MB, threshold=0.00 B
2022-02-10 16:05:23.898+0000 INFO [o.n.i.d.DiagnosticsManager] Memory Pool: Metaspace (Non-heap memory): committed=21.67 MB, used=20.63 MB, max=-1.00 B, threshold=0.00 B
2022-02-10 16:05:23.898+0000 INFO [o.n.i.d.DiagnosticsManager] Memory Pool: Compressed Class Space (Non-heap memory): committed=2.67 MB, used=2.45 MB, max=1.00 GB, threshold=0.00 B
2022-02-10 16:05:23.898+0000 INFO [o.n.i.d.DiagnosticsManager] Memory Pool: G1 Eden Space (Heap memory): committed=69.00 MB, used=5.00 MB, max=-1.00 B, threshold=?
2022-02-10 16:05:23.898+0000 INFO [o.n.i.d.DiagnosticsManager] Memory Pool: G1 Survivor Space (Heap memory): committed=10.00 MB, used=10.00 MB, max=-1.00 B, threshold=?
2022-02-10 16:05:23.898+0000 INFO [o.n.i.d.DiagnosticsManager] Memory Pool: G1 Old Gen (Heap memory): committed=47.00 MB, used=10.52 MB, max=1.00 GB, threshold=0.00 B
2022-02-10 16:05:23.898+0000 INFO [o.n.i.d.DiagnosticsManager] Operating system information:
2022-02-10 16:05:23.899+0000 INFO [o.n.i.d.DiagnosticsManager] Operating System: Linux; version: 5.10.76-linuxkit; arch: amd64; cpus: 8
2022-02-10 16:05:23.899+0000 INFO [o.n.i.d.DiagnosticsManager] Max number of file descriptors: 1048576
2022-02-10 16:05:23.900+0000 INFO [o.n.i.d.DiagnosticsManager] Number of open file descriptors: 138
2022-02-10 16:05:23.901+0000 INFO [o.n.i.d.DiagnosticsManager] Process id: 7@f91d8289d775
2022-02-10 16:05:23.901+0000 INFO [o.n.i.d.DiagnosticsManager] Byte order: LITTLE_ENDIAN
2022-02-10 16:05:23.903+0000 INFO [o.n.i.d.DiagnosticsManager] Local timezone: Etc/UTC
2022-02-10 16:05:23.903+0000 INFO [o.n.i.d.DiagnosticsManager] JVM information:
2022-02-10 16:05:23.903+0000 INFO [o.n.i.d.DiagnosticsManager] VM Name: OpenJDK 64-Bit Server VM
2022-02-10 16:05:23.903+0000 INFO [o.n.i.d.DiagnosticsManager] VM Vendor: Oracle Corporation
2022-02-10 16:05:23.903+0000 INFO [o.n.i.d.DiagnosticsManager] VM Version: 25.322-b06
2022-02-10 16:05:23.903+0000 INFO [o.n.i.d.DiagnosticsManager] JIT compiler: HotSpot 64-Bit Tiered Compilers
2022-02-10 16:05:23.904+0000 INFO [o.n.i.d.DiagnosticsManager] VM Arguments: [-Xmx1G, -XX:+UseG1GC, -XX:-OmitStackTraceInFastThrow, -XX:+AlwaysPreTouch, -XX:+UnlockExperimentalVMOptions, -XX:+TrustFinalNonStaticFields, -XX:+DisableExplicitGC, -Djdk.tls.ephemeralDHKeySize=2048, -Djdk.tls.rejectClientInitiatedRenegotiation=true, -Dunsupported.dbms.udc.source=docker, -Dfile.encoding=UTF-8]
2022-02-10 16:05:23.904+0000 INFO [o.n.i.d.DiagnosticsManager] Java classpath:
2022-02-10 16:05:23.905+0000 INFO [o.n.i.d.DiagnosticsManager]  [classpath + loader.0] file:/var/lib/neo4j/lib/neo4j-cypher-expression-3.4-3.4.18.jar
2022-02-10 16:05:23.905+0000 INFO [o.n.i.d.DiagnosticsManager]  [classpath + loader.0] file:/var/lib/neo4j/lib/neo4j-dbms-3.5.30.jar
2022-02-10 16:05:23.905+0000 INFO [o.n.i.d.DiagnosticsManager]  [classpath + loader.0] file:/var/lib/neo4j/lib/neo4j-graph-algo-3.5.30.jar
2022-02-10 16:05:23.906+0000 INFO [o.n.i.d.DiagnosticsManager]  [classpath + loader.0] file:/var/lib/neo4j/lib/neo4j-fulltext-index-3.5.30.jar
2022-02-10 16:05:23.906+0000 INFO [o.n.i.d.DiagnosticsManager]  [classpath + loader.0] file:/var/lib/neo4j/lib/neo4j-cypher-logical-plans-3.4-3.4.18.jar
2022-02-10 16:05:23.906+0000 INFO [o.n.i.d.DiagnosticsManager]  [classpath + loader.0] file:/var/lib/neo4j/lib/openCypher-frontend-1-3.4.18.jar
2022-02-10 16:05:23.906+0000 INFO [o.n.i.d.DiagnosticsManager]  [classpath + loader.0] file:/var/lib/neo4j/lib/neo4j-parser-3.5-3.5.30.jar
2022-02-10 16:05:23.906+0000 INFO [o.n.i.d.DiagnosticsManager]  [loader.1] file:/usr/local/openjdk-8/lib/ext/zipfs.jar
2022-02-10 16:05:23.906+0000 INFO [o.n.i.d.DiagnosticsManager]  [classpath + loader.0] file:/var/lib/neo4j/lib/concurrentlinkedhashmap-lru-1.4.2.jar
2022-02-10 16:05:23.908+0000 INFO [o.n.i.d.DiagnosticsManager]  [classpath + loader.0] file:/var/lib/neo4j/lib/jPowerShell-1.9.jar
2022-02-10 16:05:23.908+0000 INFO [o.n.i.d.DiagnosticsManager]  [classpath + loader.0] file:/var/lib/neo4j/lib/jackson-databind-2.10.5.1.jar
2022-02-10 16:05:23.908+0000 INFO [o.n.i.d.DiagnosticsManager]  [classpath + loader.0] file:/var/lib/neo4j/lib/neo4j-codegen-3.5.30.jar
2022-02-10 16:05:23.908+0000 INFO [o.n.i.d.DiagnosticsManager]  [classpath + loader.0] file:/var/lib/neo4j/lib/jsr311-api-1.1.1.jar
2022-02-10 16:05:23.908+0000 INFO [o.n.i.d.DiagnosticsManager]  [classpath + loader.0] file:/var/lib/neo4j/lib/neo4j-cypher-ir-3.5-3.5.30.jar
2022-02-10 16:05:23.908+0000 INFO [o.n.i.d.DiagnosticsManager]  [loader.1] file:/usr/local/openjdk-8/lib/ext/sunec.jar
2022-02-10 16:05:23.908+0000 INFO [o.n.i.d.DiagnosticsManager]  [classpath + loader.0] file:/var/lib/neo4j/lib/neo4j-cypher-ir-3.4-3.4.18.jar
2022-02-10 16:05:23.908+0000 INFO [o.n.i.d.DiagnosticsManager]  [classpath + loader.0] file:/plugins/*
2022-02-10 16:05:23.908+0000 INFO [o.n.i.d.DiagnosticsManager]  [classpath + loader.0] file:/var/lib/neo4j/lib/jakarta.activation-api-1.2.1.jar
2022-02-10 16:05:23.908+0000 INFO [o.n.i.d.DiagnosticsManager]  [loader.1] file:/usr/local/openjdk-8/lib/ext/sunjce_provider.jar
2022-02-10 16:05:23.909+0000 INFO [o.n.i.d.DiagnosticsManager]  [classpath + loader.0] file:/var/lib/neo4j/lib/server-api-3.5.30.jar
2022-02-10 16:05:23.909+0000 INFO [o.n.i.d.DiagnosticsManager]  [classpath + loader.0] file:/var/lib/neo4j/lib/zstd-proxy-3.5.30.jar
2022-02-10 16:05:23.909+0000 INFO [o.n.i.d.DiagnosticsManager]  [classpath + loader.0] file:/var/lib/neo4j/lib/jersey-server-1.19.3.jar
2022-02-10 16:05:23.909+0000 INFO [o.n.i.d.DiagnosticsManager]  [classpath + loader.0] file:/var/lib/neo4j/lib/neo4j-push-to-cloud-3.5.30.jar
2022-02-10 16:05:23.909+0000 INFO [o.n.i.d.DiagnosticsManager]  [classpath + loader.0] file:/var/lib/neo4j/lib/neo4j-io-3.5.30.jar
2022-02-10 16:05:23.909+0000 INFO [o.n.i.d.DiagnosticsManager]  [classpath + loader.0] file:/var/lib/neo4j/lib/neo4j-collections-3.5.30.jar
2022-02-10 16:05:23.909+0000 INFO [o.n.i.d.DiagnosticsManager]  [classpath + loader.0] file:/var/lib/neo4j/lib/neo4j-cypher-logical-plans-3.5-3.5.30.jar
2022-02-10 16:05:23.909+0000 INFO [o.n.i.d.DiagnosticsManager]  [classpath + loader.0] file:/var/lib/neo4j/lib/neo4j-annotation-processors-3.5.30.jar
2022-02-10 16:05:23.909+0000 INFO [o.n.i.d.DiagnosticsManager]  [classpath + loader.0] file:/var/lib/neo4j/lib/commons-io-2.6.jar
2022-02-10 16:05:23.909+0000 INFO [o.n.i.d.DiagnosticsManager]  [loader.1] file:/usr/local/openjdk-8/lib/ext/dnsns.jar
2022-02-10 16:05:23.909+0000 INFO [o.n.i.d.DiagnosticsManager]  [classpath + loader.0] file:/var/lib/neo4j/lib/neo4j-configuration-3.5.30.jar
2022-02-10 16:05:23.909+0000 INFO [o.n.i.d.DiagnosticsManager]  [classpath + loader.0] file:/var/lib/neo4j/lib/neo4j-lucene-upgrade-3.5.30.jar
2022-02-10 16:05:23.909+0000 INFO [o.n.i.d.DiagnosticsManager]  [classpath + loader.0] file:/var/lib/neo4j/lib/neo4j-procedure-api-3.5.30.jar
2022-02-10 16:05:23.909+0000 INFO [o.n.i.d.DiagnosticsManager]  [classpath + loader.0] file:/var/lib/neo4j/lib/jersey-core-1.19.3.jar
2022-02-10 16:05:23.909+0000 INFO [o.n.i.d.DiagnosticsManager]  [classpath + loader.0] file:/var/lib/neo4j/lib/neo4j-csv-3.5.30.jar
2022-02-10 16:05:23.909+0000 INFO [o.n.i.d.DiagnosticsManager]  [classpath + loader.0] file:/var/lib/neo4j/lib/neo4j-server-3.5.30.jar
2022-02-10 16:05:23.909+0000 INFO [o.n.i.d.DiagnosticsManager]  [classpath + loader.0] file:/var/lib/neo4j/lib/commons-configuration-1.10.jar
2022-02-10 16:05:23.909+0000 INFO [o.n.i.d.DiagnosticsManager]  [loader.1] file:/usr/local/openjdk-8/lib/ext/cldrdata.jar
2022-02-10 16:05:23.909+0000 INFO [o.n.i.d.DiagnosticsManager]  [bootstrap] /usr/local/openjdk-8/lib/charsets.jar
2022-02-10 16:05:23.909+0000 INFO [o.n.i.d.DiagnosticsManager]  [classpath + loader.0] file:/var/lib/neo4j/lib/neo4j-3.5.30.jar
2022-02-10 16:05:23.909+0000 INFO [o.n.i.d.DiagnosticsManager]  [classpath + loader.0] file:/var/lib/neo4j/lib/jersey-servlet-1.19.3.jar
2022-02-10 16:05:23.909+0000 INFO [o.n.i.d.DiagnosticsManager]  [classpath + loader.0] file:/var/lib/neo4j/lib/neo4j-common-3.5.30.jar
2022-02-10 16:05:23.909+0000 INFO [o.n.i.d.DiagnosticsManager]  [classpath + loader.0] file:/var/lib/neo4j/lib/neo4j-expressions-3.5-3.5.30.jar
2022-02-10 16:05:23.909+0000 INFO [o.n.i.d.DiagnosticsManager]  [classpath + loader.0] file:/var/lib/neo4j/lib/bcprov-jdk15on-1.68.jar
2022-02-10 16:05:23.909+0000 INFO [o.n.i.d.DiagnosticsManager]  [classpath + loader.0] file:/var/lib/neo4j/lib/txw2-2.3.2.jar
2022-02-10 16:05:23.910+0000 INFO [o.n.i.d.DiagnosticsManager]  [bootstrap] /usr/local/openjdk-8/lib/resources.jar
2022-02-10 16:05:23.910+0000 INFO [o.n.i.d.DiagnosticsManager]  [classpath + loader.0] file:/var/lib/neo4j/lib/jackson-module-jaxb-annotations-2.10.5.jar
2022-02-10 16:05:23.910+0000 INFO [o.n.i.d.DiagnosticsManager]  [classpath + loader.0] file:/var/lib/neo4j/lib/scala-library-2.11.12.jar
2022-02-10 16:05:23.910+0000 INFO [o.n.i.d.DiagnosticsManager]  [classpath + loader.0] file:/var/lib/neo4j/lib/neo4j-kernel-api-3.5.30.jar
2022-02-10 16:05:23.910+0000 INFO [o.n.i.d.DiagnosticsManager]  [classpath + loader.0] file:/var/lib/neo4j/lib/neo4j-bolt-3.5.30.jar
2022-02-10 16:05:23.910+0000 INFO [o.n.i.d.DiagnosticsManager]  [bootstrap] /usr/local/openjdk-8/lib/jsse.jar
2022-02-10 16:05:23.910+0000 INFO [o.n.i.d.DiagnosticsManager]  [classpath + loader.0] file:/var/lib/neo4j/lib/neo4j-util-3.5-3.5.30.jar
2022-02-10 16:05:23.910+0000 INFO [o.n.i.d.DiagnosticsManager]  [classpath + loader.0] file:/var/lib/neo4j/lib/neo4j-consistency-check-3.5.30.jar
2022-02-10 16:05:23.910+0000 INFO [o.n.i.d.DiagnosticsManager]  [classpath + loader.0] file:/var/lib/neo4j/lib/neo4j-import-tool-3.5.30.jar
2022-02-10 16:05:23.910+0000 INFO [o.n.i.d.DiagnosticsManager]  [loader.1] file:/usr/local/openjdk-8/lib/ext/localedata.jar
2022-02-10 16:05:23.910+0000 INFO [o.n.i.d.DiagnosticsManager]  [classpath + loader.0] file:/var/lib/neo4j/lib/neo4j-cypher-runtime-util-3.5.30.jar
2022-02-10 16:05:23.910+0000 INFO [o.n.i.d.DiagnosticsManager]  [classpath + loader.0] file:/var/lib/neo4j/lib/neo4j-rewriting-3.5-3.5.30.jar
2022-02-10 16:05:23.910+0000 INFO [o.n.i.d.DiagnosticsManager]  [classpath + loader.0] file:/var/lib/neo4j/lib/jetty-servlet-9.4.43.v20210629.jar
2022-02-10 16:05:23.910+0000 INFO [o.n.i.d.DiagnosticsManager]  [classpath + loader.0] file:/var/lib/neo4j/lib/neo4j-front-end-3.5-3.5.30.jar
2022-02-10 16:05:23.910+0000 INFO [o.n.i.d.DiagnosticsManager]  [classpath + loader.0] file:/var/lib/neo4j/lib/neo4j-browser-4.3.4.jar
2022-02-10 16:05:23.910+0000 INFO [o.n.i.d.DiagnosticsManager]  [classpath + loader.0] file:/var/lib/neo4j/lib/neo4j-cypher-expression-evaluator-3.5.30.jar
2022-02-10 16:05:23.910+0000 INFO [o.n.i.d.DiagnosticsManager]  [classpath + loader.0] file:/var/lib/neo4j/lib/javax.servlet-api-3.1.0.jar
2022-02-10 16:05:23.910+0000 INFO [o.n.i.d.DiagnosticsManager]  [bootstrap] /usr/local/openjdk-8/lib/sunrsasign.jar
2022-02-10 16:05:23.910+0000 INFO [o.n.i.d.DiagnosticsManager]  [classpath + loader.0] file:/var/lib/neo4j/lib/jProcesses-1.6.4.jar
2022-02-10 16:05:23.910+0000 INFO [o.n.i.d.DiagnosticsManager]  [classpath + loader.0] file:/var/lib/neo4j/lib/neo4j-cypher-compiler-2.3-2.3.12.jar
2022-02-10 16:05:23.910+0000 INFO [o.n.i.d.DiagnosticsManager]  [classpath + loader.0] file:/var/lib/neo4j/lib/istack-commons-runtime-3.0.8.jar
2022-02-10 16:05:23.910+0000 INFO [o.n.i.d.DiagnosticsManager]  [classpath + loader.0] file:/var/lib/neo4j/lib/bcpkix-jdk15on-1.68.jar
2022-02-10 16:05:23.910+0000 INFO [o.n.i.d.DiagnosticsManager]  [loader.1] file:/usr/local/openjdk-8/lib/ext/sunpkcs11.jar
2022-02-10 16:05:23.910+0000 INFO [o.n.i.d.DiagnosticsManager]  [classpath + loader.0] file:/var/lib/neo4j/lib/neo4j-resource-3.5.30.jar
2022-02-10 16:05:23.910+0000 INFO [o.n.i.d.DiagnosticsManager]  [classpath + loader.0] file:/var/lib/neo4j/lib/scala-reflect-2.11.12.jar
2022-02-10 16:05:23.912+0000 INFO [o.n.i.d.DiagnosticsManager]  [classpath + loader.0] file:/var/lib/neo4j/lib/commons-lang-2.6.jar
2022-02-10 16:05:23.912+0000 INFO [o.n.i.d.DiagnosticsManager]  [classpath + loader.0] file:/var/lib/neo4j/lib/lucene-core-5.5.5.jar
2022-02-10 16:05:23.912+0000 INFO [o.n.i.d.DiagnosticsManager]  [classpath + loader.0] file:/var/lib/neo4j/lib/lucene-codecs-5.5.5.jar
2022-02-10 16:05:23.912+0000 INFO [o.n.i.d.DiagnosticsManager]  [bootstrap] /usr/local/openjdk-8/lib/rt.jar
2022-02-10 16:05:23.912+0000 INFO [o.n.i.d.DiagnosticsManager]  [classpath + loader.0] file:/var/lib/neo4j/lib/activation-1.1.1.jar
2022-02-10 16:05:23.912+0000 INFO [o.n.i.d.DiagnosticsManager]  [classpath + loader.0] file:/var/lib/neo4j/lib/stax-ex-1.8.1.jar
2022-02-10 16:05:23.912+0000 INFO [o.n.i.d.DiagnosticsManager]  [classpath + loader.0] file:/var/lib/neo4j/lib/neo4j-cypher-compiler-3.1-3.1.9.jar
2022-02-10 16:05:23.912+0000 INFO [o.n.i.d.DiagnosticsManager]  [classpath + loader.0] file:/var/lib/neo4j/lib/eclipse-collections-9.2.0.jar
2022-02-10 16:05:23.912+0000 INFO [o.n.i.d.DiagnosticsManager]  [classpath + loader.0] file:/var/lib/neo4j/lib/neo4j-index-3.5.30.jar
2022-02-10 16:05:23.912+0000 INFO [o.n.i.d.DiagnosticsManager]  [classpath + loader.0] file:/var/lib/neo4j/lib/neo4j-cypher-3.5.30.jar
2022-02-10 16:05:23.912+0000 INFO [o.n.i.d.DiagnosticsManager]  [classpath + loader.0] file:/var/lib/neo4j/lib/commons-lang3-3.8.jar
2022-02-10 16:05:23.912+0000 INFO [o.n.i.d.DiagnosticsManager]  [classpath + loader.0] file:/var/lib/neo4j/lib/netty-all-4.1.68.Final.jar
2022-02-10 16:05:23.912+0000 INFO [o.n.i.d.DiagnosticsManager]  [classpath + loader.0] file:/var/lib/neo4j/lib/neo4j-security-3.5.30.jar
2022-02-10 16:05:23.913+0000 INFO [o.n.i.d.DiagnosticsManager]  [classpath + loader.0] file:/var/lib/neo4j/lib/jetty-webapp-9.4.43.v20210629.jar
2022-02-10 16:05:23.913+0000 INFO [o.n.i.d.DiagnosticsManager]  [classpath + loader.0] file:/var/lib/neo4j/lib/neo4j-cypher-planner-3.5-3.5.30.jar
2022-02-10 16:05:23.913+0000 INFO [o.n.i.d.DiagnosticsManager]  [classpath + loader.0] file:/var/lib/neo4j/conf/
2022-02-10 16:05:23.913+0000 INFO [o.n.i.d.DiagnosticsManager]  [classpath + loader.0] file:/var/lib/neo4j/lib/jetty-server-9.4.43.v20210629.jar
2022-02-10 16:05:23.913+0000 INFO [o.n.i.d.DiagnosticsManager]  [classpath + loader.0] file:/var/lib/neo4j/lib/neo4j-spatial-index-3.5.30.jar
2022-02-10 16:05:23.913+0000 INFO [o.n.i.d.DiagnosticsManager]  [classpath + loader.0] file:/var/lib/neo4j/lib/neo4j-kernel-3.5.30.jar
2022-02-10 16:05:23.913+0000 INFO [o.n.i.d.DiagnosticsManager]  [classpath + loader.0] file:/var/lib/neo4j/lib/neo4j-values-3.5.30.jar
2022-02-10 16:05:23.913+0000 INFO [o.n.i.d.DiagnosticsManager]  [classpath + loader.0] file:/var/lib/neo4j/lib/neo4j-ast-3.5-3.5.30.jar
2022-02-10 16:05:23.913+0000 INFO [o.n.i.d.DiagnosticsManager]  [classpath + loader.0] file:/var/lib/neo4j/lib/jaxb-runtime-2.3.2.jar
2022-02-10 16:05:23.913+0000 INFO [o.n.i.d.DiagnosticsManager]  [classpath + loader.0] file:/var/lib/neo4j/lib/jaxb-api-2.3.0.jar
2022-02-10 16:05:23.913+0000 INFO [o.n.i.d.DiagnosticsManager]  [classpath + loader.0] file:/var/lib/neo4j/lib/opencsv-2.3.jar
2022-02-10 16:05:23.913+0000 INFO [o.n.i.d.DiagnosticsManager]  [classpath + loader.0] file:/var/lib/neo4j/lib/neo4j-cypher-planner-3.4-3.4.18.jar
2022-02-10 16:05:23.913+0000 INFO [o.n.i.d.DiagnosticsManager]  [classpath + loader.0] file:/var/lib/neo4j/lib/jackson-jaxrs-base-2.10.5.jar
2022-02-10 16:05:23.913+0000 INFO [o.n.i.d.DiagnosticsManager]  [classpath + loader.0] file:/var/lib/neo4j/lib/neo4j-jmx-3.5.30.jar
2022-02-10 16:05:23.913+0000 INFO [o.n.i.d.DiagnosticsManager]  [classpath + loader.0] file:/var/lib/neo4j/lib/parboiled-scala_2.11-1.1.7.jar
2022-02-10 16:05:23.913+0000 INFO [o.n.i.d.DiagnosticsManager]  [classpath + loader.0] file:/var/lib/neo4j/lib/neo4j-cypher-planner-spi-3.5-3.5.30.jar
2022-02-10 16:05:23.913+0000 INFO [o.n.i.d.DiagnosticsManager]  [classpath + loader.0] file:/var/lib/neo4j/lib/neo4j-logging-3.5.30.jar
2022-02-10 16:05:23.913+0000 INFO [o.n.i.d.DiagnosticsManager]  [classpath + loader.0] file:/var/lib/neo4j/lib/jetty-security-9.4.43.v20210629.jar
2022-02-10 16:05:23.913+0000 INFO [o.n.i.d.DiagnosticsManager]  [classpath + loader.0] file:/var/lib/neo4j/lib/jackson-annotations-2.10.5.jar
2022-02-10 16:05:23.913+0000 INFO [o.n.i.d.DiagnosticsManager]  [classpath + loader.0] file:/var/lib/neo4j/lib/neo4j-cypher-planner-spi-3.4-3.4.18.jar
2022-02-10 16:05:23.913+0000 INFO [o.n.i.d.DiagnosticsManager]  [classpath + loader.0] file:/var/lib/neo4j/lib/neo4j-cypher-interpreted-runtime-3.5.30.jar
2022-02-10 16:05:23.913+0000 INFO [o.n.i.d.DiagnosticsManager]  [bootstrap] /usr/local/openjdk-8/classes
2022-02-10 16:05:23.913+0000 INFO [o.n.i.d.DiagnosticsManager]  [classpath + loader.0] file:/var/lib/neo4j/lib/neo4j-lucene-index-3.5.30.jar
2022-02-10 16:05:23.913+0000 INFO [o.n.i.d.DiagnosticsManager]  [classpath + loader.0] file:/var/lib/neo4j/lib/jetty-http-9.4.43.v20210629.jar
2022-02-10 16:05:23.913+0000 INFO [o.n.i.d.DiagnosticsManager]  [classpath + loader.0] file:/var/lib/neo4j/lib/neo4j-udc-3.5.30.jar
2022-02-10 16:05:23.913+0000 INFO [o.n.i.d.DiagnosticsManager]  [classpath + loader.0] file:/var/lib/neo4j/lib/neo4j-command-line-3.5.30.jar
2022-02-10 16:05:23.913+0000 INFO [o.n.i.d.DiagnosticsManager]  [classpath + loader.0] file:/var/lib/neo4j/lib/eclipse-collections-api-9.2.0.jar
2022-02-10 16:05:23.914+0000 INFO [o.n.i.d.DiagnosticsManager]  [classpath + loader.0] file:/var/lib/neo4j/lib/neo4j-data-collector-3.5.30.jar
2022-02-10 16:05:23.914+0000 INFO [o.n.i.d.DiagnosticsManager]  [classpath + loader.0] file:/var/lib/neo4j/lib/FastInfoset-1.2.16.jar
2022-02-10 16:05:23.914+0000 INFO [o.n.i.d.DiagnosticsManager]  [bootstrap] /usr/local/openjdk-8/lib/jfr.jar
2022-02-10 16:05:23.914+0000 INFO [o.n.i.d.DiagnosticsManager]  [classpath + loader.0] file:/var/lib/neo4j/lib/caffeine-2.6.2.jar
2022-02-10 16:05:23.914+0000 INFO [o.n.i.d.DiagnosticsManager]  [classpath + loader.0] file:/var/lib/neo4j/lib/jetty-util-9.4.43.v20210629.jar
2022-02-10 16:05:23.914+0000 INFO [o.n.i.d.DiagnosticsManager]  [classpath + loader.0] file:/var/lib/neo4j/lib/lucene-queryparser-5.5.5.jar
2022-02-10 16:05:23.914+0000 INFO [o.n.i.d.DiagnosticsManager]  [loader.1] file:/usr/local/openjdk-8/lib/ext/nashorn.jar
2022-02-10 16:05:23.914+0000 INFO [o.n.i.d.DiagnosticsManager]  [classpath + loader.0] file:/var/lib/neo4j/lib/jetty-xml-9.4.43.v20210629.jar
2022-02-10 16:05:23.914+0000 INFO [o.n.i.d.DiagnosticsManager]  [bootstrap] /usr/local/openjdk-8/lib/jce.jar
2022-02-10 16:05:23.914+0000 INFO [o.n.i.d.DiagnosticsManager]  [classpath + loader.0] file:/var/lib/neo4j/lib/neo4j-cypher-frontend-3.1-3.1.9.jar
2022-02-10 16:05:23.914+0000 INFO [o.n.i.d.DiagnosticsManager]  [classpath + loader.0] file:/var/lib/neo4j/lib/WMI4Java-1.6.1.jar
2022-02-10 16:05:23.914+0000 INFO [o.n.i.d.DiagnosticsManager]  [classpath + loader.0] file:/var/lib/neo4j/lib/neo4j-ssl-3.5.30.jar
2022-02-10 16:05:23.914+0000 INFO [o.n.i.d.DiagnosticsManager]  [classpath + loader.0] file:/var/lib/neo4j/lib/neo4j-graphdb-api-3.5.30.jar
2022-02-10 16:05:23.914+0000 INFO [o.n.i.d.DiagnosticsManager]  [classpath + loader.0] file:/var/lib/neo4j/lib/neo4j-cypher-frontend-2.3-2.3.12.jar
2022-02-10 16:05:23.914+0000 INFO [o.n.i.d.DiagnosticsManager]  [classpath + loader.0] file:/var/lib/neo4j/lib/jackson-jaxrs-json-provider-2.10.5.jar
2022-02-10 16:05:23.914+0000 INFO [o.n.i.d.DiagnosticsManager]  [classpath + loader.0] file:/var/lib/neo4j/lib/neo4j-diagnostics-3.5.30.jar
2022-02-10 16:05:23.914+0000 INFO [o.n.i.d.DiagnosticsManager]  [classpath + loader.0] file:/plugins/
2022-02-10 16:05:23.914+0000 INFO [o.n.i.d.DiagnosticsManager]  [classpath + loader.0] file:/var/lib/neo4j/lib/neo4j-legacy-3.5.30.jar
2022-02-10 16:05:23.914+0000 INFO [o.n.i.d.DiagnosticsManager]  [classpath + loader.0] file:/var/lib/neo4j/lib/neo4j-unsafe-3.5.30.jar
2022-02-10 16:05:23.914+0000 INFO [o.n.i.d.DiagnosticsManager]  [classpath + loader.0] file:/var/lib/neo4j/lib/lucene-analyzers-common-5.5.5.jar
2022-02-10 16:05:23.914+0000 INFO [o.n.i.d.DiagnosticsManager]  [classpath + loader.0] file:/var/lib/neo4j/lib/commons-compress-1.21.jar
2022-02-10 16:05:23.916+0000 INFO [o.n.i.d.DiagnosticsManager]  [classpath + loader.0] file:/var/lib/neo4j/lib/neo4j-concurrent-3.5.30.jar
2022-02-10 16:05:23.916+0000 INFO [o.n.i.d.DiagnosticsManager]  [classpath + loader.0] file:/var/lib/neo4j/lib/neo4j-cypher-util-3.4-3.4.18.jar
2022-02-10 16:05:23.916+0000 INFO [o.n.i.d.DiagnosticsManager]  [classpath + loader.0] file:/var/lib/neo4j/lib/zstd-jni-1.3.8-6.jar
2022-02-10 16:05:23.916+0000 INFO [o.n.i.d.DiagnosticsManager]  [classpath + loader.0] file:/var/lib/neo4j/lib/jakarta.xml.bind-api-2.3.2.jar
2022-02-10 16:05:23.916+0000 INFO [o.n.i.d.DiagnosticsManager]  [classpath + loader.0] file:/var/lib/neo4j/lib/commons-logging-1.1.1.jar
2022-02-10 16:05:23.916+0000 INFO [o.n.i.d.DiagnosticsManager]  [classpath + loader.0] file:/var/lib/neo4j/lib/commons-text-1.4.jar
2022-02-10 16:05:23.916+0000 INFO [o.n.i.d.DiagnosticsManager]  [classpath + loader.0] file:/var/lib/neo4j/lib/jetty-io-9.4.43.v20210629.jar
2022-02-10 16:05:23.916+0000 INFO [o.n.i.d.DiagnosticsManager]  [loader.1] file:/usr/local/openjdk-8/lib/ext/jaccess.jar
2022-02-10 16:05:23.916+0000 INFO [o.n.i.d.DiagnosticsManager]  [classpath + loader.0] file:/var/lib/neo4j/lib/neo4j-graph-matching-3.1.9.jar
2022-02-10 16:05:23.916+0000 INFO [o.n.i.d.DiagnosticsManager]  [classpath + loader.0] file:/var/lib/neo4j/lib/parboiled-core-1.1.7.jar
2022-02-10 16:05:23.917+0000 INFO [o.n.i.d.DiagnosticsManager]  [classpath + loader.0] file:/var/lib/neo4j/lib/jackson-core-2.10.5.jar
2022-02-10 16:05:23.917+0000 INFO [o.n.i.d.DiagnosticsManager] Library path:
2022-02-10 16:05:23.917+0000 INFO [o.n.i.d.DiagnosticsManager] /usr/java/packages/lib/amd64
2022-02-10 16:05:23.917+0000 INFO [o.n.i.d.DiagnosticsManager] /usr/lib64
2022-02-10 16:05:23.917+0000 INFO [o.n.i.d.DiagnosticsManager] /lib64
2022-02-10 16:05:23.917+0000 INFO [o.n.i.d.DiagnosticsManager] /lib
2022-02-10 16:05:23.917+0000 INFO [o.n.i.d.DiagnosticsManager] /usr/lib
2022-02-10 16:05:23.917+0000 INFO [o.n.i.d.DiagnosticsManager] System.properties:
2022-02-10 16:05:23.918+0000 INFO [o.n.i.d.DiagnosticsManager] sun.boot.library.path = /usr/local/openjdk-8/lib/amd64
2022-02-10 16:05:23.918+0000 INFO [o.n.i.d.DiagnosticsManager] jdk.tls.rejectClientInitiatedRenegotiation = true
2022-02-10 16:05:23.918+0000 INFO [o.n.i.d.DiagnosticsManager] path.separator = :
2022-02-10 16:05:23.918+0000 INFO [o.n.i.d.DiagnosticsManager] file.encoding.pkg = sun.io
2022-02-10 16:05:23.918+0000 INFO [o.n.i.d.DiagnosticsManager] sun.java.launcher = SUN_STANDARD
2022-02-10 16:05:23.918+0000 INFO [o.n.i.d.DiagnosticsManager] sun.os.patch.level = unknown
2022-02-10 16:05:23.918+0000 INFO [o.n.i.d.DiagnosticsManager] user.dir = /var/lib/neo4j
2022-02-10 16:05:23.918+0000 INFO [o.n.i.d.DiagnosticsManager] sun.jnu.encoding = UTF-8
2022-02-10 16:05:23.918+0000 INFO [o.n.i.d.DiagnosticsManager] unsupported.dbms.udc.source = docker
2022-02-10 16:05:23.918+0000 INFO [o.n.i.d.DiagnosticsManager] sun.management.compiler = HotSpot 64-Bit Tiered Compilers
2022-02-10 16:05:23.918+0000 INFO [o.n.i.d.DiagnosticsManager] user.home = /var/lib/neo4j
2022-02-10 16:05:23.918+0000 INFO [o.n.i.d.DiagnosticsManager] user.timezone = Etc/UTC
2022-02-10 16:05:23.918+0000 INFO [o.n.i.d.DiagnosticsManager] file.encoding = UTF-8
2022-02-10 16:05:23.918+0000 INFO [o.n.i.d.DiagnosticsManager] user.name = neo4j
2022-02-10 16:05:23.918+0000 INFO [o.n.i.d.DiagnosticsManager] sun.java.command = org.neo4j.server.CommunityEntryPoint --home-dir=/var/lib/neo4j --config-dir=/var/lib/neo4j/conf
2022-02-10 16:05:23.918+0000 INFO [o.n.i.d.DiagnosticsManager] sun.arch.data.model = 64
2022-02-10 16:05:23.918+0000 INFO [o.n.i.d.DiagnosticsManager] user.language = en
2022-02-10 16:05:23.918+0000 INFO [o.n.i.d.DiagnosticsManager] awt.toolkit = sun.awt.X11.XToolkit
2022-02-10 16:05:23.919+0000 INFO [o.n.i.d.DiagnosticsManager] jdk.tls.ephemeralDHKeySize = 2048
2022-02-10 16:05:23.919+0000 INFO [o.n.i.d.DiagnosticsManager] file.separator = /
2022-02-10 16:05:23.919+0000 INFO [o.n.i.d.DiagnosticsManager] sun.io.unicode.encoding = UnicodeLittle
2022-02-10 16:05:23.919+0000 INFO [o.n.i.d.DiagnosticsManager] sun.cpu.endian = little
2022-02-10 16:05:23.919+0000 INFO [o.n.i.d.DiagnosticsManager] sun.cpu.isalist = 
2022-02-10 16:05:23.919+0000 INFO [o.n.i.d.DiagnosticsManager] (IANA) TimeZone Database Version:
2022-02-10 16:05:23.944+0000 INFO [o.n.i.d.DiagnosticsManager]   TimeZone version: 2021e (available for 601 zone identifiers)
2022-02-10 16:05:23.944+0000 INFO [o.n.i.d.DiagnosticsManager] Linux scheduler information:
2022-02-10 16:05:23.953+0000 INFO [o.n.i.d.DiagnosticsManager] [mq-deadline] kyber bfq none
2022-02-10 16:05:23.953+0000 INFO [o.n.i.d.DiagnosticsManager] none
2022-02-10 16:05:23.954+0000 INFO [o.n.i.d.DiagnosticsManager] [mq-deadline] kyber bfq none
2022-02-10 16:05:23.954+0000 INFO [o.n.i.d.DiagnosticsManager] [mq-deadline] kyber bfq none
2022-02-10 16:05:23.954+0000 INFO [o.n.i.d.DiagnosticsManager] none
2022-02-10 16:05:23.954+0000 INFO [o.n.i.d.DiagnosticsManager] [mq-deadline] kyber bfq none
2022-02-10 16:05:23.954+0000 INFO [o.n.i.d.DiagnosticsManager] [mq-deadline] kyber bfq none
2022-02-10 16:05:23.955+0000 INFO [o.n.i.d.DiagnosticsManager] none
2022-02-10 16:05:23.955+0000 INFO [o.n.i.d.DiagnosticsManager] [mq-deadline] kyber bfq none
2022-02-10 16:05:23.955+0000 INFO [o.n.i.d.DiagnosticsManager] [mq-deadline] kyber bfq none
2022-02-10 16:05:23.956+0000 INFO [o.n.i.d.DiagnosticsManager] none
2022-02-10 16:05:23.956+0000 INFO [o.n.i.d.DiagnosticsManager] none
2022-02-10 16:05:23.956+0000 INFO [o.n.i.d.DiagnosticsManager] [mq-deadline] kyber bfq none
2022-02-10 16:05:23.957+0000 INFO [o.n.i.d.DiagnosticsManager] [mq-deadline] kyber bfq none
2022-02-10 16:05:23.957+0000 INFO [o.n.i.d.DiagnosticsManager] none
2022-02-10 16:05:23.958+0000 INFO [o.n.i.d.DiagnosticsManager] none
2022-02-10 16:05:23.958+0000 INFO [o.n.i.d.DiagnosticsManager] [mq-deadline] kyber bfq none
2022-02-10 16:05:23.958+0000 INFO [o.n.i.d.DiagnosticsManager] [mq-deadline] kyber bfq none
2022-02-10 16:05:23.958+0000 INFO [o.n.i.d.DiagnosticsManager] none
2022-02-10 16:05:23.958+0000 INFO [o.n.i.d.DiagnosticsManager] none
2022-02-10 16:05:23.959+0000 INFO [o.n.i.d.DiagnosticsManager] [mq-deadline] kyber bfq none
2022-02-10 16:05:23.959+0000 INFO [o.n.i.d.DiagnosticsManager] [mq-deadline] kyber bfq none
2022-02-10 16:05:23.959+0000 INFO [o.n.i.d.DiagnosticsManager] none
2022-02-10 16:05:23.959+0000 INFO [o.n.i.d.DiagnosticsManager] [mq-deadline] kyber bfq none
2022-02-10 16:05:23.960+0000 INFO [o.n.i.d.DiagnosticsManager] [mq-deadline] kyber bfq none
2022-02-10 16:05:23.962+0000 INFO [o.n.i.d.DiagnosticsManager] [mq-deadline] kyber bfq none
2022-02-10 16:05:23.962+0000 INFO [o.n.i.d.DiagnosticsManager] [mq-deadline] kyber bfq none
2022-02-10 16:05:23.962+0000 INFO [o.n.i.d.DiagnosticsManager] [mq-deadline] kyber bfq none
2022-02-10 16:05:23.962+0000 INFO [o.n.i.d.DiagnosticsManager] none
2022-02-10 16:05:23.962+0000 INFO [o.n.i.d.DiagnosticsManager] none
2022-02-10 16:05:23.963+0000 INFO [o.n.i.d.DiagnosticsManager] [mq-deadline] kyber bfq none
2022-02-10 16:05:23.963+0000 INFO [o.n.i.d.DiagnosticsManager] [mq-deadline] kyber bfq none
2022-02-10 16:05:23.964+0000 INFO [o.n.i.d.DiagnosticsManager] [mq-deadline] kyber bfq none
2022-02-10 16:05:23.964+0000 INFO [o.n.i.d.DiagnosticsManager] none
2022-02-10 16:05:23.965+0000 INFO [o.n.i.d.DiagnosticsManager] [mq-deadline] kyber bfq none
2022-02-10 16:05:23.965+0000 INFO [o.n.i.d.DiagnosticsManager] none
2022-02-10 16:05:23.965+0000 INFO [o.n.i.d.DiagnosticsManager] [mq-deadline] kyber bfq none
2022-02-10 16:05:23.965+0000 INFO [o.n.i.d.DiagnosticsManager] [mq-deadline] kyber bfq none
2022-02-10 16:05:23.965+0000 INFO [o.n.i.d.DiagnosticsManager] none
2022-02-10 16:05:23.965+0000 INFO [o.n.i.d.DiagnosticsManager] none
2022-02-10 16:05:23.966+0000 INFO [o.n.i.d.DiagnosticsManager] [mq-deadline] kyber bfq none
2022-02-10 16:05:23.966+0000 INFO [o.n.i.d.DiagnosticsManager] Network information:
2022-02-10 16:05:23.966+0000 INFO [o.n.i.d.DiagnosticsManager] Interface eth0:
2022-02-10 16:05:23.968+0000 INFO [o.n.i.d.DiagnosticsManager]     address: 192.168.144.2
2022-02-10 16:05:23.968+0000 INFO [o.n.i.d.DiagnosticsManager] Interface lo:
2022-02-10 16:05:23.968+0000 INFO [o.n.i.d.DiagnosticsManager]     address: 127.0.0.1
2022-02-10 16:05:23.968+0000 INFO [o.n.i.d.DiagnosticsManager] --- INITIALIZED diagnostics END ---
2022-02-10 16:05:24.238+0000 INFO [o.n.k.i.s.f.RecordFormatSelector] Selected format 'RecordFormat:StandardV3_4[v0.A.9]' for the new store
2022-02-10 16:05:25.567+0000 INFO [o.n.k.i.i.l.NativeLabelScanStore] No label index found, this might just be first use. Preparing to rebuild.
2022-02-10 16:05:25.656+0000 INFO [o.n.k.NeoStoreDataSource] Rotated to transaction log [/var/lib/neo4j/data/databases/graph.db/neostore.transaction.db.0] version=0, last transaction in previous log=1
2022-02-10 16:05:25.659+0000 INFO [o.n.k.NeoStoreDataSource] No commits found after last check point (which is at <no log position given>)
2022-02-10 16:05:25.680+0000 WARN [o.n.k.i.s.MetaDataStore] Missing counts store, rebuilding it.
2022-02-10 16:05:25.696+0000 WARN [o.n.k.i.s.MetaDataStore] Counts store rebuild completed.
2022-02-10 16:05:25.754+0000 INFO [o.n.k.i.i.l.NativeLabelScanStore] Rebuilding label index, this may take a while
2022-02-10 16:05:25.797+0000 INFO [o.n.k.i.i.l.NativeLabelScanStore] Label index rebuilt (roughly 0 nodes)
2022-02-10 16:05:25.812+0000 INFO [o.n.i.d.DiagnosticsManager] --- STARTED diagnostics for KernelDiagnostics:Versions START ---
2022-02-10 16:05:25.814+0000 INFO [o.n.i.d.DiagnosticsManager] Graph Database: community single StoreId{creationTime=1644509124825, randomId=-2043388953674247143, storeVersion=16094931155187206, upgradeTime=1644509124825, upgradeId=1}
2022-02-10 16:05:25.815+0000 INFO [o.n.i.d.DiagnosticsManager] Kernel version: 3.5.30,198d21d5ae752c3ce8517654d03025cb16ce3c61
2022-02-10 16:05:25.816+0000 INFO [o.n.i.d.DiagnosticsManager] --- STARTED diagnostics for KernelDiagnostics:Versions END ---
2022-02-10 16:05:25.822+0000 INFO [o.n.i.d.DiagnosticsManager] --- STARTED diagnostics for NEO_STORE_VERSIONS START ---
2022-02-10 16:05:25.823+0000 INFO [o.n.i.d.DiagnosticsManager] Store versions:
2022-02-10 16:05:25.825+0000 INFO [o.n.i.d.DiagnosticsManager]   ArrayPropertyStore[neostore.nodestore.db.labels] v0.A.9
2022-02-10 16:05:25.826+0000 INFO [o.n.i.d.DiagnosticsManager]   NodeStore[neostore.nodestore.db] v0.A.9
2022-02-10 16:05:25.827+0000 INFO [o.n.i.d.DiagnosticsManager]   StringPropertyStore[neostore.propertystore.db.index.keys] v0.A.9
2022-02-10 16:05:25.828+0000 INFO [o.n.i.d.DiagnosticsManager]   PropertyIndexStore[neostore.propertystore.db.index] v0.A.9
2022-02-10 16:05:25.829+0000 INFO [o.n.i.d.DiagnosticsManager]   StringPropertyStore[neostore.propertystore.db.strings] v0.A.9
2022-02-10 16:05:25.830+0000 INFO [o.n.i.d.DiagnosticsManager]   ArrayPropertyStore[neostore.propertystore.db.arrays] v0.A.9
2022-02-10 16:05:25.831+0000 INFO [o.n.i.d.DiagnosticsManager]   PropertyStore[neostore.propertystore.db] v0.A.9
2022-02-10 16:05:25.832+0000 INFO [o.n.i.d.DiagnosticsManager]   RelationshipStore[neostore.relationshipstore.db] v0.A.9
2022-02-10 16:05:25.833+0000 INFO [o.n.i.d.DiagnosticsManager]   StringPropertyStore[neostore.relationshiptypestore.db.names] v0.A.9
2022-02-10 16:05:25.834+0000 INFO [o.n.i.d.DiagnosticsManager]   RelationshipTypeStore[neostore.relationshiptypestore.db] v0.A.9
2022-02-10 16:05:25.834+0000 INFO [o.n.i.d.DiagnosticsManager]   StringPropertyStore[neostore.labeltokenstore.db.names] v0.A.9
2022-02-10 16:05:25.836+0000 INFO [o.n.i.d.DiagnosticsManager]   LabelTokenStore[neostore.labeltokenstore.db] v0.A.9
2022-02-10 16:05:25.837+0000 INFO [o.n.i.d.DiagnosticsManager]   SchemaStore[neostore.schemastore.db] v0.A.9
2022-02-10 16:05:25.838+0000 INFO [o.n.i.d.DiagnosticsManager]   RelationshipGroupStore[neostore.relationshipgroupstore.db] v0.A.9
2022-02-10 16:05:25.839+0000 INFO [o.n.i.d.DiagnosticsManager]   NeoStore[neostore] v0.A.9
2022-02-10 16:05:25.839+0000 INFO [o.n.i.d.DiagnosticsManager] --- STARTED diagnostics for NEO_STORE_VERSIONS END ---
2022-02-10 16:05:25.844+0000 INFO [o.n.i.d.DiagnosticsManager] --- STARTED diagnostics for NEO_STORE_ID_USAGE START ---
2022-02-10 16:05:25.845+0000 INFO [o.n.i.d.DiagnosticsManager] Id usage:
2022-02-10 16:05:25.846+0000 INFO [o.n.i.d.DiagnosticsManager]   ArrayPropertyStore[neostore.nodestore.db.labels]: used=1 high=0
2022-02-10 16:05:25.847+0000 INFO [o.n.i.d.DiagnosticsManager]   NodeStore[neostore.nodestore.db]: used=0 high=-1
2022-02-10 16:05:25.848+0000 INFO [o.n.i.d.DiagnosticsManager]   StringPropertyStore[neostore.propertystore.db.index.keys]: used=1 high=0
2022-02-10 16:05:25.849+0000 INFO [o.n.i.d.DiagnosticsManager]   PropertyIndexStore[neostore.propertystore.db.index]: used=0 high=-1
2022-02-10 16:05:25.850+0000 INFO [o.n.i.d.DiagnosticsManager]   StringPropertyStore[neostore.propertystore.db.strings]: used=1 high=0
2022-02-10 16:05:25.852+0000 INFO [o.n.i.d.DiagnosticsManager]   ArrayPropertyStore[neostore.propertystore.db.arrays]: used=1 high=0
2022-02-10 16:05:25.853+0000 INFO [o.n.i.d.DiagnosticsManager]   PropertyStore[neostore.propertystore.db]: used=0 high=-1
2022-02-10 16:05:25.854+0000 INFO [o.n.i.d.DiagnosticsManager]   RelationshipStore[neostore.relationshipstore.db]: used=0 high=-1
2022-02-10 16:05:25.855+0000 INFO [o.n.i.d.DiagnosticsManager]   StringPropertyStore[neostore.relationshiptypestore.db.names]: used=1 high=0
2022-02-10 16:05:25.856+0000 INFO [o.n.i.d.DiagnosticsManager]   RelationshipTypeStore[neostore.relationshiptypestore.db]: used=0 high=-1
2022-02-10 16:05:25.857+0000 INFO [o.n.i.d.DiagnosticsManager]   StringPropertyStore[neostore.labeltokenstore.db.names]: used=1 high=0
2022-02-10 16:05:25.858+0000 INFO [o.n.i.d.DiagnosticsManager]   LabelTokenStore[neostore.labeltokenstore.db]: used=0 high=-1
2022-02-10 16:05:25.859+0000 INFO [o.n.i.d.DiagnosticsManager]   SchemaStore[neostore.schemastore.db]: used=1 high=0
2022-02-10 16:05:25.860+0000 INFO [o.n.i.d.DiagnosticsManager]   RelationshipGroupStore[neostore.relationshipgroupstore.db]: used=1 high=0
2022-02-10 16:05:25.860+0000 INFO [o.n.i.d.DiagnosticsManager]   NeoStore[neostore]: used=15 high=14
2022-02-10 16:05:25.861+0000 INFO [o.n.i.d.DiagnosticsManager] --- STARTED diagnostics for NEO_STORE_ID_USAGE END ---
2022-02-10 16:05:25.862+0000 INFO [o.n.i.d.DiagnosticsManager] --- STARTED diagnostics for NEO_STORE_RECORDS START ---
2022-02-10 16:05:25.863+0000 INFO [o.n.i.d.DiagnosticsManager] Neostore records:
2022-02-10 16:05:25.866+0000 INFO [o.n.i.d.DiagnosticsManager] TIME (Creation time): 1644509124825
2022-02-10 16:05:25.867+0000 INFO [o.n.i.d.DiagnosticsManager] RANDOM_NUMBER (Random number for store id): -2043388953674247143
2022-02-10 16:05:25.868+0000 INFO [o.n.i.d.DiagnosticsManager] LOG_VERSION (Current log version): 0
2022-02-10 16:05:25.869+0000 INFO [o.n.i.d.DiagnosticsManager] LAST_TRANSACTION_ID (Last committed transaction): 1
2022-02-10 16:05:25.870+0000 INFO [o.n.i.d.DiagnosticsManager] STORE_VERSION (Store format version): 16094931155187206
2022-02-10 16:05:25.872+0000 INFO [o.n.i.d.DiagnosticsManager] FIRST_GRAPH_PROPERTY (First property record containing graph properties): -1
2022-02-10 16:05:25.873+0000 INFO [o.n.i.d.DiagnosticsManager] LAST_CONSTRAINT_TRANSACTION (Last committed transaction containing constraint changes): 0
2022-02-10 16:05:25.874+0000 INFO [o.n.i.d.DiagnosticsManager] UPGRADE_TRANSACTION_ID (Transaction id most recent upgrade was performed at): 1
2022-02-10 16:05:25.875+0000 INFO [o.n.i.d.DiagnosticsManager] UPGRADE_TIME (Time of last upgrade): 1644509124825
2022-02-10 16:05:25.876+0000 INFO [o.n.i.d.DiagnosticsManager] LAST_TRANSACTION_CHECKSUM (Checksum of last committed transaction): 0
2022-02-10 16:05:25.877+0000 INFO [o.n.i.d.DiagnosticsManager] UPGRADE_TRANSACTION_CHECKSUM (Checksum of transaction id the most recent upgrade was performed at): 0
2022-02-10 16:05:25.878+0000 INFO [o.n.i.d.DiagnosticsManager] LAST_CLOSED_TRANSACTION_LOG_VERSION (Log version where the last transaction commit entry has been written into): 0
2022-02-10 16:05:25.879+0000 INFO [o.n.i.d.DiagnosticsManager] LAST_CLOSED_TRANSACTION_LOG_BYTE_OFFSET (Byte offset in the log file where the last transaction commit entry has been written into): 16
2022-02-10 16:05:25.880+0000 INFO [o.n.i.d.DiagnosticsManager] LAST_TRANSACTION_COMMIT_TIMESTAMP (Commit time timestamp for last committed transaction): 0
2022-02-10 16:05:25.881+0000 INFO [o.n.i.d.DiagnosticsManager] UPGRADE_TRANSACTION_COMMIT_TIMESTAMP (Commit timestamp of transaction the most recent upgrade was performed at): 0
2022-02-10 16:05:25.882+0000 INFO [o.n.i.d.DiagnosticsManager] --- STARTED diagnostics for NEO_STORE_RECORDS END ---
2022-02-10 16:05:25.885+0000 INFO [o.n.i.d.DiagnosticsManager] --- STARTED diagnostics for TRANSACTION_RANGE START ---
2022-02-10 16:05:25.887+0000 INFO [o.n.i.d.DiagnosticsManager] Transaction log:
2022-02-10 16:05:25.891+0000 INFO [o.n.i.d.DiagnosticsManager] No transactions found in any log
2022-02-10 16:05:25.892+0000 INFO [o.n.i.d.DiagnosticsManager] --- STARTED diagnostics for TRANSACTION_RANGE END ---
2022-02-10 16:05:25.896+0000 INFO [o.n.i.d.DiagnosticsManager] --- STARTED diagnostics for KernelDiagnostics:StoreFiles START ---
2022-02-10 16:05:25.898+0000 INFO [o.n.i.d.DiagnosticsManager] Disk space on partition (Total / Free / Free %): 499963174912 / 154390458368 / 30
2022-02-10 16:05:25.899+0000 INFO [o.n.i.d.DiagnosticsManager] Storage files: (filename : modification date - size)
2022-02-10 16:05:25.905+0000 INFO [o.n.i.d.DiagnosticsManager]   index:
2022-02-10 16:05:25.907+0000 INFO [o.n.i.d.DiagnosticsManager]   - Total: 2022-02-10T16:05:25+0000 - 0.00 B
2022-02-10 16:05:25.909+0000 INFO [o.n.i.d.DiagnosticsManager]   neostore: 2022-02-10T16:05:24+0000 - 8.00 kB
2022-02-10 16:05:25.911+0000 INFO [o.n.i.d.DiagnosticsManager]   neostore.counts.db.a: 2022-02-10T16:05:25+0000 - 96.00 B
2022-02-10 16:05:25.912+0000 INFO [o.n.i.d.DiagnosticsManager]   neostore.id: 2022-02-10T16:05:24+0000 - 9.00 B
2022-02-10 16:05:25.913+0000 INFO [o.n.i.d.DiagnosticsManager]   neostore.labelscanstore.db: 2022-02-10T16:05:25+0000 - 40.00 kB
2022-02-10 16:05:25.914+0000 INFO [o.n.i.d.DiagnosticsManager]   neostore.labeltokenstore.db: 2022-02-10T16:05:24+0000 - 0.00 B
2022-02-10 16:05:25.915+0000 INFO [o.n.i.d.DiagnosticsManager]   neostore.labeltokenstore.db.id: 2022-02-10T16:05:24+0000 - 9.00 B
2022-02-10 16:05:25.916+0000 INFO [o.n.i.d.DiagnosticsManager]   neostore.labeltokenstore.db.names: 2022-02-10T16:05:24+0000 - 8.00 kB
2022-02-10 16:05:25.917+0000 INFO [o.n.i.d.DiagnosticsManager]   neostore.labeltokenstore.db.names.id: 2022-02-10T16:05:24+0000 - 9.00 B
2022-02-10 16:05:25.918+0000 INFO [o.n.i.d.DiagnosticsManager]   neostore.nodestore.db: 2022-02-10T16:05:24+0000 - 0.00 B
2022-02-10 16:05:25.920+0000 INFO [o.n.i.d.DiagnosticsManager]   neostore.nodestore.db.id: 2022-02-10T16:05:24+0000 - 9.00 B
2022-02-10 16:05:25.921+0000 INFO [o.n.i.d.DiagnosticsManager]   neostore.nodestore.db.labels: 2022-02-10T16:05:24+0000 - 8.00 kB
2022-02-10 16:05:25.923+0000 INFO [o.n.i.d.DiagnosticsManager]   neostore.nodestore.db.labels.id: 2022-02-10T16:05:24+0000 - 9.00 B
2022-02-10 16:05:25.924+0000 INFO [o.n.i.d.DiagnosticsManager]   neostore.propertystore.db: 2022-02-10T16:05:24+0000 - 0.00 B
2022-02-10 16:05:25.925+0000 INFO [o.n.i.d.DiagnosticsManager]   neostore.propertystore.db.arrays: 2022-02-10T16:05:24+0000 - 8.00 kB
2022-02-10 16:05:25.926+0000 INFO [o.n.i.d.DiagnosticsManager]   neostore.propertystore.db.arrays.id: 2022-02-10T16:05:24+0000 - 9.00 B
2022-02-10 16:05:25.928+0000 INFO [o.n.i.d.DiagnosticsManager]   neostore.propertystore.db.id: 2022-02-10T16:05:24+0000 - 9.00 B
2022-02-10 16:05:25.929+0000 INFO [o.n.i.d.DiagnosticsManager]   neostore.propertystore.db.index: 2022-02-10T16:05:24+0000 - 0.00 B
2022-02-10 16:05:25.930+0000 INFO [o.n.i.d.DiagnosticsManager]   neostore.propertystore.db.index.id: 2022-02-10T16:05:24+0000 - 9.00 B
2022-02-10 16:05:25.932+0000 INFO [o.n.i.d.DiagnosticsManager]   neostore.propertystore.db.index.keys: 2022-02-10T16:05:24+0000 - 8.00 kB
2022-02-10 16:05:25.934+0000 INFO [o.n.i.d.DiagnosticsManager]   neostore.propertystore.db.index.keys.id: 2022-02-10T16:05:24+0000 - 9.00 B
2022-02-10 16:05:25.935+0000 INFO [o.n.i.d.DiagnosticsManager]   neostore.propertystore.db.strings: 2022-02-10T16:05:24+0000 - 8.00 kB
2022-02-10 16:05:25.936+0000 INFO [o.n.i.d.DiagnosticsManager]   neostore.propertystore.db.strings.id: 2022-02-10T16:05:24+0000 - 9.00 B
2022-02-10 16:05:25.938+0000 INFO [o.n.i.d.DiagnosticsManager]   neostore.relationshipgroupstore.db: 2022-02-10T16:05:24+0000 - 8.00 kB
2022-02-10 16:05:25.939+0000 INFO [o.n.i.d.DiagnosticsManager]   neostore.relationshipgroupstore.db.id: 2022-02-10T16:05:24+0000 - 9.00 B
2022-02-10 16:05:25.940+0000 INFO [o.n.i.d.DiagnosticsManager]   neostore.relationshipstore.db: 2022-02-10T16:05:24+0000 - 0.00 B
2022-02-10 16:05:25.941+0000 INFO [o.n.i.d.DiagnosticsManager]   neostore.relationshipstore.db.id: 2022-02-10T16:05:24+0000 - 9.00 B
2022-02-10 16:05:25.942+0000 INFO [o.n.i.d.DiagnosticsManager]   neostore.relationshiptypestore.db: 2022-02-10T16:05:24+0000 - 0.00 B
2022-02-10 16:05:25.944+0000 INFO [o.n.i.d.DiagnosticsManager]   neostore.relationshiptypestore.db.id: 2022-02-10T16:05:24+0000 - 9.00 B
2022-02-10 16:05:25.945+0000 INFO [o.n.i.d.DiagnosticsManager]   neostore.relationshiptypestore.db.names: 2022-02-10T16:05:24+0000 - 8.00 kB
2022-02-10 16:05:25.946+0000 INFO [o.n.i.d.DiagnosticsManager]   neostore.relationshiptypestore.db.names.id: 2022-02-10T16:05:24+0000 - 9.00 B
2022-02-10 16:05:25.947+0000 INFO [o.n.i.d.DiagnosticsManager]   neostore.schemastore.db: 2022-02-10T16:05:24+0000 - 8.00 kB
2022-02-10 16:05:25.948+0000 INFO [o.n.i.d.DiagnosticsManager]   neostore.schemastore.db.id: 2022-02-10T16:05:24+0000 - 9.00 B
2022-02-10 16:05:25.949+0000 INFO [o.n.i.d.DiagnosticsManager]   neostore.transaction.db.0: 2022-02-10T16:05:25+0000 - 16.00 B
2022-02-10 16:05:25.950+0000 INFO [o.n.i.d.DiagnosticsManager] Storage summary: 
2022-02-10 16:05:25.951+0000 INFO [o.n.i.d.DiagnosticsManager]   Total size of store: 112.24 kB
2022-02-10 16:05:25.952+0000 INFO [o.n.i.d.DiagnosticsManager]   Total size of mapped files: 112.00 kB
2022-02-10 16:05:25.953+0000 INFO [o.n.i.d.DiagnosticsManager] --- STARTED diagnostics for KernelDiagnostics:StoreFiles END ---
2022-02-10 16:05:25.954+0000 INFO [o.n.k.a.DatabaseAvailabilityGuard] Fulfilling of requirement 'Database available' makes database graph.db available.
2022-02-10 16:05:25.955+0000 INFO [o.n.k.a.DatabaseAvailabilityGuard] Database graph.db is ready.
2022-02-10 16:05:25.956+0000 INFO [o.n.k.i.DatabaseHealth] Database health set to OK
2022-02-10 16:05:26.645+0000 INFO [o.n.b.BoltServer] Bolt server loaded
2022-02-10 16:05:26.940+0000 INFO [o.n.b.BoltServer] Bolt enabled on 0.0.0.0:7687.
2022-02-10 16:05:30.225+0000 INFO [o.n.i.d.DiagnosticsManager] --- SERVER STARTED START ---
2022-02-10 16:05:32.173+0000 INFO [o.n.i.d.DiagnosticsManager] --- SERVER STARTED END ---
2022-02-10 16:06:00.173+0000 WARN [o.n.b.r.DefaultBoltConnection] The client is unauthorized due to authentication failure.
2022-02-10 16:08:24.793+0000 INFO [o.n.k.a.DatabaseAvailabilityGuard] Database graph.db is unavailable.
2022-02-10 16:08:24.835+0000 INFO [o.n.g.f.GraphDatabaseFacadeFactory] Shutdown started
2022-02-10 16:08:24.844+0000 INFO [o.n.g.f.GraphDatabaseFacadeFactory] Shutting down 'graph.db' database.
2022-02-10 16:08:24.846+0000 INFO [o.n.g.f.GraphDatabaseFacadeFactory] Shutdown started
2022-02-10 16:08:24.853+0000 INFO [o.n.k.i.t.l.c.CheckPointerImpl] Checkpoint triggered by "Database shutdown" @ txId: 1 checkpoint started...
2022-02-10 16:08:24.871+0000 INFO [o.n.k.i.t.l.c.CheckPointerImpl] Checkpoint triggered by "Database shutdown" @ txId: 1 checkpoint completed in 15ms
2022-02-10 16:08:24.873+0000 INFO [o.n.k.i.t.l.p.LogPruningImpl] No log version pruned, last checkpoint was made in version 0
2022-02-10 16:08:24.907+0000 INFO [o.n.i.d.DiagnosticsManager] --- STOPPING diagnostics START ---
2022-02-10 16:08:24.908+0000 INFO [o.n.i.d.DiagnosticsManager] --- STOPPING diagnostics END ---
2022-02-10 16:09:13.556+0000 INFO [o.n.g.f.m.e.CommunityEditionModule] No locking implementation specified, defaulting to 'community'
2022-02-10 16:09:15.152+0000 INFO [o.n.g.f.GraphDatabaseFacadeFactory] Creating 'graph.db' database.
2022-02-10 16:09:15.570+0000 INFO [o.n.k.a.DatabaseAvailabilityGuard] Requirement `Database available` makes database graph.db unavailable.
2022-02-10 16:09:15.577+0000 INFO [o.n.k.a.DatabaseAvailabilityGuard] Database graph.db is unavailable.
2022-02-10 16:09:15.767+0000 INFO [o.n.i.d.DiagnosticsManager] --- INITIALIZED diagnostics START ---
2022-02-10 16:09:15.769+0000 INFO [o.n.i.d.DiagnosticsManager] Neo4j Kernel properties:
2022-02-10 16:09:15.769+0000 INFO [o.n.i.d.DiagnosticsManager] dbms.connector.http.enabled=true
2022-02-10 16:09:15.770+0000 INFO [o.n.i.d.DiagnosticsManager] dbms.security.auth_enabled=true
2022-02-10 16:09:15.770+0000 INFO [o.n.i.d.DiagnosticsManager] dbms.windows_service_name=neo4j
2022-02-10 16:09:15.770+0000 INFO [o.n.i.d.DiagnosticsManager] dbms.connector.http.listen_address=0.0.0.0:7474
2022-02-10 16:09:15.771+0000 INFO [o.n.i.d.DiagnosticsManager] dbms.connector.https.listen_address=0.0.0.0:7473
2022-02-10 16:09:15.771+0000 INFO [o.n.i.d.DiagnosticsManager] unsupported.dbms.directories.neo4j_home=/var/lib/neo4j
2022-02-10 16:09:15.771+0000 INFO [o.n.i.d.DiagnosticsManager] dbms.connector.bolt.listen_address=0.0.0.0:7687
2022-02-10 16:09:15.772+0000 INFO [o.n.i.d.DiagnosticsManager] dbms.directories.import=/import
2022-02-10 16:09:15.772+0000 INFO [o.n.i.d.DiagnosticsManager] dbms.memory.pagecache.size=1G
2022-02-10 16:09:15.773+0000 INFO [o.n.i.d.DiagnosticsManager] unsupported.dbms.edition=community
2022-02-10 16:09:15.773+0000 INFO [o.n.i.d.DiagnosticsManager] dbms.directories.logs=/logs
2022-02-10 16:09:15.773+0000 INFO [o.n.i.d.DiagnosticsManager] dbms.connector.bolt.enabled=true
2022-02-10 16:09:15.774+0000 INFO [o.n.i.d.DiagnosticsManager] dbms.connector.https.enabled=true
2022-02-10 16:09:15.774+0000 INFO [o.n.i.d.DiagnosticsManager] dbms.jvm.additional=-XX:+UseG1GC
2022-02-10 16:09:15.774+0000 INFO [o.n.i.d.DiagnosticsManager] wrapper.java.additional=-Dneo4j.ext.udc.source=docker
2022-02-10 16:09:15.774+0000 INFO [o.n.i.d.DiagnosticsManager] dbms.directories.plugins=/plugins
2022-02-10 16:09:15.774+0000 INFO [o.n.i.d.DiagnosticsManager] dbms.tx_log.rotation.retention_policy=1 days
2022-02-10 16:09:15.775+0000 INFO [o.n.i.d.DiagnosticsManager] dbms.connectors.default_listen_address=0.0.0.0
2022-02-10 16:09:15.775+0000 INFO [o.n.i.d.DiagnosticsManager] dbms.memory.heap.max_size=1G
2022-02-10 16:09:15.775+0000 INFO [o.n.i.d.DiagnosticsManager] Diagnostics providers:
2022-02-10 16:09:15.775+0000 INFO [o.n.i.d.DiagnosticsManager] org.neo4j.kernel.configuration.Config
2022-02-10 16:09:15.776+0000 INFO [o.n.i.d.DiagnosticsManager] org.neo4j.internal.diagnostics.DiagnosticsManager
2022-02-10 16:09:15.776+0000 INFO [o.n.i.d.DiagnosticsManager] SYSTEM_MEMORY
2022-02-10 16:09:15.776+0000 INFO [o.n.i.d.DiagnosticsManager] JAVA_MEMORY
2022-02-10 16:09:15.776+0000 INFO [o.n.i.d.DiagnosticsManager] OPERATING_SYSTEM
2022-02-10 16:09:15.777+0000 INFO [o.n.i.d.DiagnosticsManager] JAVA_VIRTUAL_MACHINE
2022-02-10 16:09:15.777+0000 INFO [o.n.i.d.DiagnosticsManager] CLASSPATH
2022-02-10 16:09:15.777+0000 INFO [o.n.i.d.DiagnosticsManager] LIBRARY_PATH
2022-02-10 16:09:15.777+0000 INFO [o.n.i.d.DiagnosticsManager] SYSTEM_PROPERTIES
2022-02-10 16:09:15.778+0000 INFO [o.n.i.d.DiagnosticsManager] TIMEZONE_DATABASE
2022-02-10 16:09:15.778+0000 INFO [o.n.i.d.DiagnosticsManager] LINUX_SCHEDULERS
2022-02-10 16:09:15.778+0000 INFO [o.n.i.d.DiagnosticsManager] NETWORK
2022-02-10 16:09:15.778+0000 INFO [o.n.i.d.DiagnosticsManager] System memory information:
2022-02-10 16:09:15.825+0000 INFO [o.n.i.d.DiagnosticsManager] Total Physical memory: 7.77 GB
2022-02-10 16:09:15.830+0000 INFO [o.n.i.d.DiagnosticsManager] Free Physical memory: 174.15 MB
2022-02-10 16:09:15.832+0000 INFO [o.n.i.d.DiagnosticsManager] Committed virtual memory: 4.49 GB
2022-02-10 16:09:15.832+0000 INFO [o.n.i.d.DiagnosticsManager] Total swap space: 2.00 GB
2022-02-10 16:09:15.834+0000 INFO [o.n.i.d.DiagnosticsManager] Free swap space: 1.98 GB
2022-02-10 16:09:15.834+0000 INFO [o.n.i.d.DiagnosticsManager] JVM memory information:
2022-02-10 16:09:15.835+0000 INFO [o.n.i.d.DiagnosticsManager] Free  memory: 94.41 MB
2022-02-10 16:09:15.835+0000 INFO [o.n.i.d.DiagnosticsManager] Total memory: 126.00 MB
2022-02-10 16:09:15.836+0000 INFO [o.n.i.d.DiagnosticsManager] Max   memory: 1.00 GB
2022-02-10 16:09:15.845+0000 INFO [o.n.i.d.DiagnosticsManager] Garbage Collector: G1 Young Generation: [G1 Eden Space, G1 Survivor Space, G1 Old Gen]
2022-02-10 16:09:15.847+0000 INFO [o.n.i.d.DiagnosticsManager] Garbage Collector: G1 Old Generation: [G1 Eden Space, G1 Survivor Space, G1 Old Gen]
2022-02-10 16:09:15.852+0000 INFO [o.n.i.d.DiagnosticsManager] Memory Pool: Code Cache (Non-heap memory): committed=6.50 MB, used=6.47 MB, max=240.00 MB, threshold=0.00 B
2022-02-10 16:09:15.855+0000 INFO [o.n.i.d.DiagnosticsManager] Memory Pool: Metaspace (Non-heap memory): committed=21.67 MB, used=20.55 MB, max=-1.00 B, threshold=0.00 B
2022-02-10 16:09:15.856+0000 INFO [o.n.i.d.DiagnosticsManager] Memory Pool: Compressed Class Space (Non-heap memory): committed=2.75 MB, used=2.46 MB, max=1.00 GB, threshold=0.00 B
2022-02-10 16:09:15.856+0000 INFO [o.n.i.d.DiagnosticsManager] Memory Pool: G1 Eden Space (Heap memory): committed=74.00 MB, used=7.00 MB, max=-1.00 B, threshold=?
2022-02-10 16:09:15.856+0000 INFO [o.n.i.d.DiagnosticsManager] Memory Pool: G1 Survivor Space (Heap memory): committed=5.00 MB, used=5.00 MB, max=-1.00 B, threshold=?
2022-02-10 16:09:15.857+0000 INFO [o.n.i.d.DiagnosticsManager] Memory Pool: G1 Old Gen (Heap memory): committed=47.00 MB, used=17.90 MB, max=1.00 GB, threshold=0.00 B
2022-02-10 16:09:15.857+0000 INFO [o.n.i.d.DiagnosticsManager] Operating system information:
2022-02-10 16:09:15.857+0000 INFO [o.n.i.d.DiagnosticsManager] Operating System: Linux; version: 5.10.76-linuxkit; arch: amd64; cpus: 8
2022-02-10 16:09:15.857+0000 INFO [o.n.i.d.DiagnosticsManager] Max number of file descriptors: 1048576
2022-02-10 16:09:15.858+0000 INFO [o.n.i.d.DiagnosticsManager] Number of open file descriptors: 138
2022-02-10 16:09:15.859+0000 INFO [o.n.i.d.DiagnosticsManager] Process id: 9@9c2620b312d7
2022-02-10 16:09:15.859+0000 INFO [o.n.i.d.DiagnosticsManager] Byte order: LITTLE_ENDIAN
2022-02-10 16:09:15.863+0000 INFO [o.n.i.d.DiagnosticsManager] Local timezone: Etc/UTC
2022-02-10 16:09:15.864+0000 INFO [o.n.i.d.DiagnosticsManager] JVM information:
2022-02-10 16:09:15.864+0000 INFO [o.n.i.d.DiagnosticsManager] VM Name: OpenJDK 64-Bit Server VM
2022-02-10 16:09:15.864+0000 INFO [o.n.i.d.DiagnosticsManager] VM Vendor: Oracle Corporation
2022-02-10 16:09:15.864+0000 INFO [o.n.i.d.DiagnosticsManager] VM Version: 25.322-b06
2022-02-10 16:09:15.865+0000 INFO [o.n.i.d.DiagnosticsManager] JIT compiler: HotSpot 64-Bit Tiered Compilers
2022-02-10 16:09:15.866+0000 INFO [o.n.i.d.DiagnosticsManager] VM Arguments: [-Xmx1G, -XX:+UseG1GC, -XX:-OmitStackTraceInFastThrow, -XX:+AlwaysPreTouch, -XX:+UnlockExperimentalVMOptions, -XX:+TrustFinalNonStaticFields, -XX:+DisableExplicitGC, -Djdk.tls.ephemeralDHKeySize=2048, -Djdk.tls.rejectClientInitiatedRenegotiation=true, -Dunsupported.dbms.udc.source=docker, -Dfile.encoding=UTF-8]
2022-02-10 16:09:15.870+0000 INFO [o.n.i.d.DiagnosticsManager] Java classpath:
2022-02-10 16:09:15.873+0000 INFO [o.n.i.d.DiagnosticsManager]  [classpath + loader.0] file:/var/lib/neo4j/lib/neo4j-cypher-expression-3.4-3.4.18.jar
2022-02-10 16:09:15.874+0000 INFO [o.n.i.d.DiagnosticsManager]  [classpath + loader.0] file:/var/lib/neo4j/lib/neo4j-dbms-3.5.30.jar
2022-02-10 16:09:15.874+0000 INFO [o.n.i.d.DiagnosticsManager]  [classpath + loader.0] file:/var/lib/neo4j/lib/neo4j-graph-algo-3.5.30.jar
2022-02-10 16:09:15.874+0000 INFO [o.n.i.d.DiagnosticsManager]  [classpath + loader.0] file:/var/lib/neo4j/lib/neo4j-fulltext-index-3.5.30.jar
2022-02-10 16:09:15.874+0000 INFO [o.n.i.d.DiagnosticsManager]  [classpath + loader.0] file:/var/lib/neo4j/lib/neo4j-cypher-logical-plans-3.4-3.4.18.jar
2022-02-10 16:09:15.874+0000 INFO [o.n.i.d.DiagnosticsManager]  [classpath + loader.0] file:/var/lib/neo4j/lib/openCypher-frontend-1-3.4.18.jar
2022-02-10 16:09:15.874+0000 INFO [o.n.i.d.DiagnosticsManager]  [classpath + loader.0] file:/var/lib/neo4j/lib/neo4j-parser-3.5-3.5.30.jar
2022-02-10 16:09:15.874+0000 INFO [o.n.i.d.DiagnosticsManager]  [loader.1] file:/usr/local/openjdk-8/lib/ext/zipfs.jar
2022-02-10 16:09:15.874+0000 INFO [o.n.i.d.DiagnosticsManager]  [classpath + loader.0] file:/var/lib/neo4j/lib/concurrentlinkedhashmap-lru-1.4.2.jar
2022-02-10 16:09:15.879+0000 INFO [o.n.i.d.DiagnosticsManager]  [classpath + loader.0] file:/var/lib/neo4j/lib/jPowerShell-1.9.jar
2022-02-10 16:09:15.879+0000 INFO [o.n.i.d.DiagnosticsManager]  [classpath + loader.0] file:/var/lib/neo4j/lib/jackson-databind-2.10.5.1.jar
2022-02-10 16:09:15.880+0000 INFO [o.n.i.d.DiagnosticsManager]  [classpath + loader.0] file:/var/lib/neo4j/lib/neo4j-codegen-3.5.30.jar
2022-02-10 16:09:15.880+0000 INFO [o.n.i.d.DiagnosticsManager]  [classpath + loader.0] file:/var/lib/neo4j/lib/jsr311-api-1.1.1.jar
2022-02-10 16:09:15.880+0000 INFO [o.n.i.d.DiagnosticsManager]  [classpath + loader.0] file:/var/lib/neo4j/lib/neo4j-cypher-ir-3.5-3.5.30.jar
2022-02-10 16:09:15.880+0000 INFO [o.n.i.d.DiagnosticsManager]  [loader.1] file:/usr/local/openjdk-8/lib/ext/sunec.jar
2022-02-10 16:09:15.880+0000 INFO [o.n.i.d.DiagnosticsManager]  [classpath + loader.0] file:/var/lib/neo4j/lib/neo4j-cypher-ir-3.4-3.4.18.jar
2022-02-10 16:09:15.881+0000 INFO [o.n.i.d.DiagnosticsManager]  [classpath + loader.0] file:/plugins/*
2022-02-10 16:09:15.881+0000 INFO [o.n.i.d.DiagnosticsManager]  [classpath + loader.0] file:/var/lib/neo4j/lib/jakarta.activation-api-1.2.1.jar
2022-02-10 16:09:15.881+0000 INFO [o.n.i.d.DiagnosticsManager]  [loader.1] file:/usr/local/openjdk-8/lib/ext/sunjce_provider.jar
2022-02-10 16:09:15.881+0000 INFO [o.n.i.d.DiagnosticsManager]  [classpath + loader.0] file:/var/lib/neo4j/lib/server-api-3.5.30.jar
2022-02-10 16:09:15.881+0000 INFO [o.n.i.d.DiagnosticsManager]  [classpath + loader.0] file:/var/lib/neo4j/lib/zstd-proxy-3.5.30.jar
2022-02-10 16:09:15.881+0000 INFO [o.n.i.d.DiagnosticsManager]  [classpath + loader.0] file:/var/lib/neo4j/lib/jersey-server-1.19.3.jar
2022-02-10 16:09:15.881+0000 INFO [o.n.i.d.DiagnosticsManager]  [classpath + loader.0] file:/var/lib/neo4j/lib/neo4j-push-to-cloud-3.5.30.jar
2022-02-10 16:09:15.881+0000 INFO [o.n.i.d.DiagnosticsManager]  [classpath + loader.0] file:/var/lib/neo4j/lib/neo4j-io-3.5.30.jar
2022-02-10 16:09:15.881+0000 INFO [o.n.i.d.DiagnosticsManager]  [classpath + loader.0] file:/var/lib/neo4j/lib/neo4j-collections-3.5.30.jar
2022-02-10 16:09:15.881+0000 INFO [o.n.i.d.DiagnosticsManager]  [classpath + loader.0] file:/var/lib/neo4j/lib/neo4j-cypher-logical-plans-3.5-3.5.30.jar
2022-02-10 16:09:15.881+0000 INFO [o.n.i.d.DiagnosticsManager]  [classpath + loader.0] file:/var/lib/neo4j/lib/neo4j-annotation-processors-3.5.30.jar
2022-02-10 16:09:15.882+0000 INFO [o.n.i.d.DiagnosticsManager]  [classpath + loader.0] file:/var/lib/neo4j/lib/commons-io-2.6.jar
2022-02-10 16:09:15.882+0000 INFO [o.n.i.d.DiagnosticsManager]  [loader.1] file:/usr/local/openjdk-8/lib/ext/dnsns.jar
2022-02-10 16:09:15.882+0000 INFO [o.n.i.d.DiagnosticsManager]  [classpath + loader.0] file:/var/lib/neo4j/lib/neo4j-configuration-3.5.30.jar
2022-02-10 16:09:15.882+0000 INFO [o.n.i.d.DiagnosticsManager]  [classpath + loader.0] file:/var/lib/neo4j/lib/neo4j-lucene-upgrade-3.5.30.jar
2022-02-10 16:09:15.882+0000 INFO [o.n.i.d.DiagnosticsManager]  [classpath + loader.0] file:/var/lib/neo4j/lib/neo4j-procedure-api-3.5.30.jar
2022-02-10 16:09:15.882+0000 INFO [o.n.i.d.DiagnosticsManager]  [classpath + loader.0] file:/var/lib/neo4j/lib/jersey-core-1.19.3.jar
2022-02-10 16:09:15.882+0000 INFO [o.n.i.d.DiagnosticsManager]  [classpath + loader.0] file:/var/lib/neo4j/lib/neo4j-csv-3.5.30.jar
2022-02-10 16:09:15.882+0000 INFO [o.n.i.d.DiagnosticsManager]  [classpath + loader.0] file:/var/lib/neo4j/lib/neo4j-server-3.5.30.jar
2022-02-10 16:09:15.883+0000 INFO [o.n.i.d.DiagnosticsManager]  [classpath + loader.0] file:/var/lib/neo4j/lib/commons-configuration-1.10.jar
2022-02-10 16:09:15.883+0000 INFO [o.n.i.d.DiagnosticsManager]  [loader.1] file:/usr/local/openjdk-8/lib/ext/cldrdata.jar
2022-02-10 16:09:15.883+0000 INFO [o.n.i.d.DiagnosticsManager]  [bootstrap] /usr/local/openjdk-8/lib/charsets.jar
2022-02-10 16:09:15.883+0000 INFO [o.n.i.d.DiagnosticsManager]  [classpath + loader.0] file:/var/lib/neo4j/lib/neo4j-3.5.30.jar
2022-02-10 16:09:15.883+0000 INFO [o.n.i.d.DiagnosticsManager]  [classpath + loader.0] file:/var/lib/neo4j/lib/jersey-servlet-1.19.3.jar
2022-02-10 16:09:15.883+0000 INFO [o.n.i.d.DiagnosticsManager]  [classpath + loader.0] file:/var/lib/neo4j/lib/neo4j-common-3.5.30.jar
2022-02-10 16:09:15.883+0000 INFO [o.n.i.d.DiagnosticsManager]  [classpath + loader.0] file:/var/lib/neo4j/lib/neo4j-expressions-3.5-3.5.30.jar
2022-02-10 16:09:15.883+0000 INFO [o.n.i.d.DiagnosticsManager]  [classpath + loader.0] file:/var/lib/neo4j/lib/bcprov-jdk15on-1.68.jar
2022-02-10 16:09:15.884+0000 INFO [o.n.i.d.DiagnosticsManager]  [classpath + loader.0] file:/var/lib/neo4j/lib/txw2-2.3.2.jar
2022-02-10 16:09:15.884+0000 INFO [o.n.i.d.DiagnosticsManager]  [bootstrap] /usr/local/openjdk-8/lib/resources.jar
2022-02-10 16:09:15.884+0000 INFO [o.n.i.d.DiagnosticsManager]  [classpath + loader.0] file:/var/lib/neo4j/lib/jackson-module-jaxb-annotations-2.10.5.jar
2022-02-10 16:09:15.884+0000 INFO [o.n.i.d.DiagnosticsManager]  [classpath + loader.0] file:/var/lib/neo4j/lib/scala-library-2.11.12.jar
2022-02-10 16:09:15.884+0000 INFO [o.n.i.d.DiagnosticsManager]  [classpath + loader.0] file:/var/lib/neo4j/lib/neo4j-kernel-api-3.5.30.jar
2022-02-10 16:09:15.884+0000 INFO [o.n.i.d.DiagnosticsManager]  [classpath + loader.0] file:/var/lib/neo4j/lib/neo4j-bolt-3.5.30.jar
2022-02-10 16:09:15.884+0000 INFO [o.n.i.d.DiagnosticsManager]  [bootstrap] /usr/local/openjdk-8/lib/jsse.jar
2022-02-10 16:09:15.884+0000 INFO [o.n.i.d.DiagnosticsManager]  [classpath + loader.0] file:/var/lib/neo4j/lib/neo4j-util-3.5-3.5.30.jar
2022-02-10 16:09:15.885+0000 INFO [o.n.i.d.DiagnosticsManager]  [classpath + loader.0] file:/var/lib/neo4j/lib/neo4j-consistency-check-3.5.30.jar
2022-02-10 16:09:15.885+0000 INFO [o.n.i.d.DiagnosticsManager]  [classpath + loader.0] file:/var/lib/neo4j/lib/neo4j-import-tool-3.5.30.jar
2022-02-10 16:09:15.885+0000 INFO [o.n.i.d.DiagnosticsManager]  [loader.1] file:/usr/local/openjdk-8/lib/ext/localedata.jar
2022-02-10 16:09:15.890+0000 INFO [o.n.i.d.DiagnosticsManager]  [classpath + loader.0] file:/var/lib/neo4j/lib/neo4j-cypher-runtime-util-3.5.30.jar
2022-02-10 16:09:15.890+0000 INFO [o.n.i.d.DiagnosticsManager]  [classpath + loader.0] file:/var/lib/neo4j/lib/neo4j-rewriting-3.5-3.5.30.jar
2022-02-10 16:09:15.893+0000 INFO [o.n.i.d.DiagnosticsManager]  [classpath + loader.0] file:/var/lib/neo4j/lib/jetty-servlet-9.4.43.v20210629.jar
2022-02-10 16:09:15.893+0000 INFO [o.n.i.d.DiagnosticsManager]  [classpath + loader.0] file:/var/lib/neo4j/lib/neo4j-front-end-3.5-3.5.30.jar
2022-02-10 16:09:15.893+0000 INFO [o.n.i.d.DiagnosticsManager]  [classpath + loader.0] file:/var/lib/neo4j/lib/neo4j-browser-4.3.4.jar
2022-02-10 16:09:15.893+0000 INFO [o.n.i.d.DiagnosticsManager]  [classpath + loader.0] file:/var/lib/neo4j/lib/neo4j-cypher-expression-evaluator-3.5.30.jar
2022-02-10 16:09:15.893+0000 INFO [o.n.i.d.DiagnosticsManager]  [classpath + loader.0] file:/var/lib/neo4j/lib/javax.servlet-api-3.1.0.jar
2022-02-10 16:09:15.893+0000 INFO [o.n.i.d.DiagnosticsManager]  [bootstrap] /usr/local/openjdk-8/lib/sunrsasign.jar
2022-02-10 16:09:15.893+0000 INFO [o.n.i.d.DiagnosticsManager]  [classpath + loader.0] file:/var/lib/neo4j/lib/jProcesses-1.6.4.jar
2022-02-10 16:09:15.893+0000 INFO [o.n.i.d.DiagnosticsManager]  [classpath + loader.0] file:/var/lib/neo4j/lib/neo4j-cypher-compiler-2.3-2.3.12.jar
2022-02-10 16:09:15.894+0000 INFO [o.n.i.d.DiagnosticsManager]  [classpath + loader.0] file:/var/lib/neo4j/lib/istack-commons-runtime-3.0.8.jar
2022-02-10 16:09:15.894+0000 INFO [o.n.i.d.DiagnosticsManager]  [classpath + loader.0] file:/var/lib/neo4j/lib/bcpkix-jdk15on-1.68.jar
2022-02-10 16:09:15.894+0000 INFO [o.n.i.d.DiagnosticsManager]  [loader.1] file:/usr/local/openjdk-8/lib/ext/sunpkcs11.jar
2022-02-10 16:09:15.894+0000 INFO [o.n.i.d.DiagnosticsManager]  [classpath + loader.0] file:/var/lib/neo4j/lib/neo4j-resource-3.5.30.jar
2022-02-10 16:09:15.894+0000 INFO [o.n.i.d.DiagnosticsManager]  [classpath + loader.0] file:/var/lib/neo4j/lib/scala-reflect-2.11.12.jar
2022-02-10 16:09:15.896+0000 INFO [o.n.i.d.DiagnosticsManager]  [classpath + loader.0] file:/var/lib/neo4j/lib/commons-lang-2.6.jar
2022-02-10 16:09:15.896+0000 INFO [o.n.i.d.DiagnosticsManager]  [classpath + loader.0] file:/var/lib/neo4j/lib/lucene-core-5.5.5.jar
2022-02-10 16:09:15.896+0000 INFO [o.n.i.d.DiagnosticsManager]  [classpath + loader.0] file:/var/lib/neo4j/lib/lucene-codecs-5.5.5.jar
2022-02-10 16:09:15.896+0000 INFO [o.n.i.d.DiagnosticsManager]  [bootstrap] /usr/local/openjdk-8/lib/rt.jar
2022-02-10 16:09:15.896+0000 INFO [o.n.i.d.DiagnosticsManager]  [classpath + loader.0] file:/var/lib/neo4j/lib/activation-1.1.1.jar
2022-02-10 16:09:15.896+0000 INFO [o.n.i.d.DiagnosticsManager]  [classpath + loader.0] file:/var/lib/neo4j/lib/stax-ex-1.8.1.jar
2022-02-10 16:09:15.897+0000 INFO [o.n.i.d.DiagnosticsManager]  [classpath + loader.0] file:/var/lib/neo4j/lib/neo4j-cypher-compiler-3.1-3.1.9.jar
2022-02-10 16:09:15.897+0000 INFO [o.n.i.d.DiagnosticsManager]  [classpath + loader.0] file:/var/lib/neo4j/lib/eclipse-collections-9.2.0.jar
2022-02-10 16:09:15.897+0000 INFO [o.n.i.d.DiagnosticsManager]  [classpath + loader.0] file:/var/lib/neo4j/lib/neo4j-index-3.5.30.jar
2022-02-10 16:09:15.897+0000 INFO [o.n.i.d.DiagnosticsManager]  [classpath + loader.0] file:/var/lib/neo4j/lib/neo4j-cypher-3.5.30.jar
2022-02-10 16:09:15.897+0000 INFO [o.n.i.d.DiagnosticsManager]  [classpath + loader.0] file:/var/lib/neo4j/lib/commons-lang3-3.8.jar
2022-02-10 16:09:15.897+0000 INFO [o.n.i.d.DiagnosticsManager]  [classpath + loader.0] file:/var/lib/neo4j/lib/netty-all-4.1.68.Final.jar
2022-02-10 16:09:15.897+0000 INFO [o.n.i.d.DiagnosticsManager]  [classpath + loader.0] file:/var/lib/neo4j/lib/neo4j-security-3.5.30.jar
2022-02-10 16:09:15.898+0000 INFO [o.n.i.d.DiagnosticsManager]  [classpath + loader.0] file:/var/lib/neo4j/lib/jetty-webapp-9.4.43.v20210629.jar
2022-02-10 16:09:15.898+0000 INFO [o.n.i.d.DiagnosticsManager]  [classpath + loader.0] file:/var/lib/neo4j/lib/neo4j-cypher-planner-3.5-3.5.30.jar
2022-02-10 16:09:15.898+0000 INFO [o.n.i.d.DiagnosticsManager]  [classpath + loader.0] file:/var/lib/neo4j/conf/
2022-02-10 16:09:15.898+0000 INFO [o.n.i.d.DiagnosticsManager]  [classpath + loader.0] file:/var/lib/neo4j/lib/jetty-server-9.4.43.v20210629.jar
2022-02-10 16:09:15.898+0000 INFO [o.n.i.d.DiagnosticsManager]  [classpath + loader.0] file:/var/lib/neo4j/lib/neo4j-spatial-index-3.5.30.jar
2022-02-10 16:09:15.898+0000 INFO [o.n.i.d.DiagnosticsManager]  [classpath + loader.0] file:/var/lib/neo4j/lib/neo4j-kernel-3.5.30.jar
2022-02-10 16:09:15.898+0000 INFO [o.n.i.d.DiagnosticsManager]  [classpath + loader.0] file:/var/lib/neo4j/lib/neo4j-values-3.5.30.jar
2022-02-10 16:09:15.898+0000 INFO [o.n.i.d.DiagnosticsManager]  [classpath + loader.0] file:/var/lib/neo4j/lib/neo4j-ast-3.5-3.5.30.jar
2022-02-10 16:09:15.898+0000 INFO [o.n.i.d.DiagnosticsManager]  [classpath + loader.0] file:/var/lib/neo4j/lib/jaxb-runtime-2.3.2.jar
2022-02-10 16:09:15.898+0000 INFO [o.n.i.d.DiagnosticsManager]  [classpath + loader.0] file:/var/lib/neo4j/lib/jaxb-api-2.3.0.jar
2022-02-10 16:09:15.898+0000 INFO [o.n.i.d.DiagnosticsManager]  [classpath + loader.0] file:/var/lib/neo4j/lib/opencsv-2.3.jar
2022-02-10 16:09:15.898+0000 INFO [o.n.i.d.DiagnosticsManager]  [classpath + loader.0] file:/var/lib/neo4j/lib/neo4j-cypher-planner-3.4-3.4.18.jar
2022-02-10 16:09:15.898+0000 INFO [o.n.i.d.DiagnosticsManager]  [classpath + loader.0] file:/var/lib/neo4j/lib/jackson-jaxrs-base-2.10.5.jar
2022-02-10 16:09:15.898+0000 INFO [o.n.i.d.DiagnosticsManager]  [classpath + loader.0] file:/var/lib/neo4j/lib/neo4j-jmx-3.5.30.jar
2022-02-10 16:09:15.898+0000 INFO [o.n.i.d.DiagnosticsManager]  [classpath + loader.0] file:/var/lib/neo4j/lib/parboiled-scala_2.11-1.1.7.jar
2022-02-10 16:09:15.899+0000 INFO [o.n.i.d.DiagnosticsManager]  [classpath + loader.0] file:/var/lib/neo4j/lib/neo4j-cypher-planner-spi-3.5-3.5.30.jar
2022-02-10 16:09:15.899+0000 INFO [o.n.i.d.DiagnosticsManager]  [classpath + loader.0] file:/var/lib/neo4j/lib/neo4j-logging-3.5.30.jar
2022-02-10 16:09:15.899+0000 INFO [o.n.i.d.DiagnosticsManager]  [classpath + loader.0] file:/var/lib/neo4j/lib/jetty-security-9.4.43.v20210629.jar
2022-02-10 16:09:15.899+0000 INFO [o.n.i.d.DiagnosticsManager]  [classpath + loader.0] file:/var/lib/neo4j/lib/jackson-annotations-2.10.5.jar
2022-02-10 16:09:15.899+0000 INFO [o.n.i.d.DiagnosticsManager]  [classpath + loader.0] file:/var/lib/neo4j/lib/neo4j-cypher-planner-spi-3.4-3.4.18.jar
2022-02-10 16:09:15.899+0000 INFO [o.n.i.d.DiagnosticsManager]  [classpath + loader.0] file:/var/lib/neo4j/lib/neo4j-cypher-interpreted-runtime-3.5.30.jar
2022-02-10 16:09:15.899+0000 INFO [o.n.i.d.DiagnosticsManager]  [bootstrap] /usr/local/openjdk-8/classes
2022-02-10 16:09:15.899+0000 INFO [o.n.i.d.DiagnosticsManager]  [classpath + loader.0] file:/var/lib/neo4j/lib/neo4j-lucene-index-3.5.30.jar
2022-02-10 16:09:15.899+0000 INFO [o.n.i.d.DiagnosticsManager]  [classpath + loader.0] file:/var/lib/neo4j/lib/jetty-http-9.4.43.v20210629.jar
2022-02-10 16:09:15.899+0000 INFO [o.n.i.d.DiagnosticsManager]  [classpath + loader.0] file:/var/lib/neo4j/lib/neo4j-udc-3.5.30.jar
2022-02-10 16:09:15.899+0000 INFO [o.n.i.d.DiagnosticsManager]  [classpath + loader.0] file:/var/lib/neo4j/lib/neo4j-command-line-3.5.30.jar
2022-02-10 16:09:15.899+0000 INFO [o.n.i.d.DiagnosticsManager]  [classpath + loader.0] file:/var/lib/neo4j/lib/eclipse-collections-api-9.2.0.jar
2022-02-10 16:09:15.899+0000 INFO [o.n.i.d.DiagnosticsManager]  [classpath + loader.0] file:/var/lib/neo4j/lib/neo4j-data-collector-3.5.30.jar
2022-02-10 16:09:15.899+0000 INFO [o.n.i.d.DiagnosticsManager]  [classpath + loader.0] file:/var/lib/neo4j/lib/FastInfoset-1.2.16.jar
2022-02-10 16:09:15.899+0000 INFO [o.n.i.d.DiagnosticsManager]  [bootstrap] /usr/local/openjdk-8/lib/jfr.jar
2022-02-10 16:09:15.899+0000 INFO [o.n.i.d.DiagnosticsManager]  [classpath + loader.0] file:/var/lib/neo4j/lib/caffeine-2.6.2.jar
2022-02-10 16:09:15.899+0000 INFO [o.n.i.d.DiagnosticsManager]  [classpath + loader.0] file:/var/lib/neo4j/lib/jetty-util-9.4.43.v20210629.jar
2022-02-10 16:09:15.900+0000 INFO [o.n.i.d.DiagnosticsManager]  [classpath + loader.0] file:/var/lib/neo4j/lib/lucene-queryparser-5.5.5.jar
2022-02-10 16:09:15.900+0000 INFO [o.n.i.d.DiagnosticsManager]  [loader.1] file:/usr/local/openjdk-8/lib/ext/nashorn.jar
2022-02-10 16:09:15.900+0000 INFO [o.n.i.d.DiagnosticsManager]  [classpath + loader.0] file:/var/lib/neo4j/lib/jetty-xml-9.4.43.v20210629.jar
2022-02-10 16:09:15.900+0000 INFO [o.n.i.d.DiagnosticsManager]  [bootstrap] /usr/local/openjdk-8/lib/jce.jar
2022-02-10 16:09:15.900+0000 INFO [o.n.i.d.DiagnosticsManager]  [classpath + loader.0] file:/var/lib/neo4j/lib/neo4j-cypher-frontend-3.1-3.1.9.jar
2022-02-10 16:09:15.900+0000 INFO [o.n.i.d.DiagnosticsManager]  [classpath + loader.0] file:/var/lib/neo4j/lib/WMI4Java-1.6.1.jar
2022-02-10 16:09:15.900+0000 INFO [o.n.i.d.DiagnosticsManager]  [classpath + loader.0] file:/var/lib/neo4j/lib/neo4j-ssl-3.5.30.jar
2022-02-10 16:09:15.900+0000 INFO [o.n.i.d.DiagnosticsManager]  [classpath + loader.0] file:/var/lib/neo4j/lib/neo4j-graphdb-api-3.5.30.jar
2022-02-10 16:09:15.900+0000 INFO [o.n.i.d.DiagnosticsManager]  [classpath + loader.0] file:/var/lib/neo4j/lib/neo4j-cypher-frontend-2.3-2.3.12.jar
2022-02-10 16:09:15.900+0000 INFO [o.n.i.d.DiagnosticsManager]  [classpath + loader.0] file:/var/lib/neo4j/lib/jackson-jaxrs-json-provider-2.10.5.jar
2022-02-10 16:09:15.900+0000 INFO [o.n.i.d.DiagnosticsManager]  [classpath + loader.0] file:/var/lib/neo4j/lib/neo4j-diagnostics-3.5.30.jar
2022-02-10 16:09:15.904+0000 INFO [o.n.i.d.DiagnosticsManager]  [classpath + loader.0] file:/plugins/
2022-02-10 16:09:15.904+0000 INFO [o.n.i.d.DiagnosticsManager]  [classpath + loader.0] file:/var/lib/neo4j/lib/neo4j-legacy-3.5.30.jar
2022-02-10 16:09:15.904+0000 INFO [o.n.i.d.DiagnosticsManager]  [classpath + loader.0] file:/var/lib/neo4j/lib/neo4j-unsafe-3.5.30.jar
2022-02-10 16:09:15.905+0000 INFO [o.n.i.d.DiagnosticsManager]  [classpath + loader.0] file:/var/lib/neo4j/lib/lucene-analyzers-common-5.5.5.jar
2022-02-10 16:09:15.905+0000 INFO [o.n.i.d.DiagnosticsManager]  [classpath + loader.0] file:/var/lib/neo4j/lib/commons-compress-1.21.jar
2022-02-10 16:09:15.907+0000 INFO [o.n.i.d.DiagnosticsManager]  [classpath + loader.0] file:/var/lib/neo4j/lib/neo4j-concurrent-3.5.30.jar
2022-02-10 16:09:15.907+0000 INFO [o.n.i.d.DiagnosticsManager]  [classpath + loader.0] file:/var/lib/neo4j/lib/neo4j-cypher-util-3.4-3.4.18.jar
2022-02-10 16:09:15.907+0000 INFO [o.n.i.d.DiagnosticsManager]  [classpath + loader.0] file:/var/lib/neo4j/lib/zstd-jni-1.3.8-6.jar
2022-02-10 16:09:15.907+0000 INFO [o.n.i.d.DiagnosticsManager]  [classpath + loader.0] file:/var/lib/neo4j/lib/jakarta.xml.bind-api-2.3.2.jar
2022-02-10 16:09:15.907+0000 INFO [o.n.i.d.DiagnosticsManager]  [classpath + loader.0] file:/var/lib/neo4j/lib/commons-logging-1.1.1.jar
2022-02-10 16:09:15.907+0000 INFO [o.n.i.d.DiagnosticsManager]  [classpath + loader.0] file:/var/lib/neo4j/lib/commons-text-1.4.jar
2022-02-10 16:09:15.907+0000 INFO [o.n.i.d.DiagnosticsManager]  [classpath + loader.0] file:/var/lib/neo4j/lib/jetty-io-9.4.43.v20210629.jar
2022-02-10 16:09:15.907+0000 INFO [o.n.i.d.DiagnosticsManager]  [loader.1] file:/usr/local/openjdk-8/lib/ext/jaccess.jar
2022-02-10 16:09:15.907+0000 INFO [o.n.i.d.DiagnosticsManager]  [classpath + loader.0] file:/var/lib/neo4j/lib/neo4j-graph-matching-3.1.9.jar
2022-02-10 16:09:15.907+0000 INFO [o.n.i.d.DiagnosticsManager]  [classpath + loader.0] file:/var/lib/neo4j/lib/parboiled-core-1.1.7.jar
2022-02-10 16:09:15.907+0000 INFO [o.n.i.d.DiagnosticsManager]  [classpath + loader.0] file:/var/lib/neo4j/lib/jackson-core-2.10.5.jar
2022-02-10 16:09:15.908+0000 INFO [o.n.i.d.DiagnosticsManager] Library path:
2022-02-10 16:09:15.908+0000 INFO [o.n.i.d.DiagnosticsManager] /usr/java/packages/lib/amd64
2022-02-10 16:09:15.908+0000 INFO [o.n.i.d.DiagnosticsManager] /usr/lib64
2022-02-10 16:09:15.908+0000 INFO [o.n.i.d.DiagnosticsManager] /lib64
2022-02-10 16:09:15.908+0000 INFO [o.n.i.d.DiagnosticsManager] /lib
2022-02-10 16:09:15.909+0000 INFO [o.n.i.d.DiagnosticsManager] /usr/lib
2022-02-10 16:09:15.909+0000 INFO [o.n.i.d.DiagnosticsManager] System.properties:
2022-02-10 16:09:15.909+0000 INFO [o.n.i.d.DiagnosticsManager] sun.boot.library.path = /usr/local/openjdk-8/lib/amd64
2022-02-10 16:09:15.909+0000 INFO [o.n.i.d.DiagnosticsManager] jdk.tls.rejectClientInitiatedRenegotiation = true
2022-02-10 16:09:15.909+0000 INFO [o.n.i.d.DiagnosticsManager] path.separator = :
2022-02-10 16:09:15.909+0000 INFO [o.n.i.d.DiagnosticsManager] file.encoding.pkg = sun.io
2022-02-10 16:09:15.909+0000 INFO [o.n.i.d.DiagnosticsManager] sun.java.launcher = SUN_STANDARD
2022-02-10 16:09:15.909+0000 INFO [o.n.i.d.DiagnosticsManager] sun.os.patch.level = unknown
2022-02-10 16:09:15.912+0000 INFO [o.n.i.d.DiagnosticsManager] user.dir = /var/lib/neo4j
2022-02-10 16:09:15.912+0000 INFO [o.n.i.d.DiagnosticsManager] sun.jnu.encoding = UTF-8
2022-02-10 16:09:15.912+0000 INFO [o.n.i.d.DiagnosticsManager] unsupported.dbms.udc.source = docker
2022-02-10 16:09:15.912+0000 INFO [o.n.i.d.DiagnosticsManager] sun.management.compiler = HotSpot 64-Bit Tiered Compilers
2022-02-10 16:09:15.912+0000 INFO [o.n.i.d.DiagnosticsManager] user.home = /var/lib/neo4j
2022-02-10 16:09:15.912+0000 INFO [o.n.i.d.DiagnosticsManager] user.timezone = Etc/UTC
2022-02-10 16:09:15.912+0000 INFO [o.n.i.d.DiagnosticsManager] file.encoding = UTF-8
2022-02-10 16:09:15.912+0000 INFO [o.n.i.d.DiagnosticsManager] user.name = neo4j
2022-02-10 16:09:15.912+0000 INFO [o.n.i.d.DiagnosticsManager] sun.java.command = org.neo4j.server.CommunityEntryPoint --home-dir=/var/lib/neo4j --config-dir=/var/lib/neo4j/conf
2022-02-10 16:09:15.912+0000 INFO [o.n.i.d.DiagnosticsManager] sun.arch.data.model = 64
2022-02-10 16:09:15.912+0000 INFO [o.n.i.d.DiagnosticsManager] user.language = en
2022-02-10 16:09:15.912+0000 INFO [o.n.i.d.DiagnosticsManager] awt.toolkit = sun.awt.X11.XToolkit
2022-02-10 16:09:15.912+0000 INFO [o.n.i.d.DiagnosticsManager] jdk.tls.ephemeralDHKeySize = 2048
2022-02-10 16:09:15.912+0000 INFO [o.n.i.d.DiagnosticsManager] file.separator = /
2022-02-10 16:09:15.913+0000 INFO [o.n.i.d.DiagnosticsManager] sun.io.unicode.encoding = UnicodeLittle
2022-02-10 16:09:15.913+0000 INFO [o.n.i.d.DiagnosticsManager] sun.cpu.endian = little
2022-02-10 16:09:15.913+0000 INFO [o.n.i.d.DiagnosticsManager] sun.cpu.isalist = 
2022-02-10 16:09:15.913+0000 INFO [o.n.i.d.DiagnosticsManager] (IANA) TimeZone Database Version:
2022-02-10 16:09:16.038+0000 INFO [o.n.i.d.DiagnosticsManager]   TimeZone version: 2021e (available for 601 zone identifiers)
2022-02-10 16:09:16.038+0000 INFO [o.n.i.d.DiagnosticsManager] Linux scheduler information:
2022-02-10 16:09:16.043+0000 INFO [o.n.i.d.DiagnosticsManager] [mq-deadline] kyber bfq none
2022-02-10 16:09:16.043+0000 INFO [o.n.i.d.DiagnosticsManager] none
2022-02-10 16:09:16.044+0000 INFO [o.n.i.d.DiagnosticsManager] [mq-deadline] kyber bfq none
2022-02-10 16:09:16.044+0000 INFO [o.n.i.d.DiagnosticsManager] [mq-deadline] kyber bfq none
2022-02-10 16:09:16.044+0000 INFO [o.n.i.d.DiagnosticsManager] none
2022-02-10 16:09:16.045+0000 INFO [o.n.i.d.DiagnosticsManager] [mq-deadline] kyber bfq none
2022-02-10 16:09:16.045+0000 INFO [o.n.i.d.DiagnosticsManager] [mq-deadline] kyber bfq none
2022-02-10 16:09:16.045+0000 INFO [o.n.i.d.DiagnosticsManager] none
2022-02-10 16:09:16.046+0000 INFO [o.n.i.d.DiagnosticsManager] [mq-deadline] kyber bfq none
2022-02-10 16:09:16.046+0000 INFO [o.n.i.d.DiagnosticsManager] [mq-deadline] kyber bfq none
2022-02-10 16:09:16.047+0000 INFO [o.n.i.d.DiagnosticsManager] none
2022-02-10 16:09:16.047+0000 INFO [o.n.i.d.DiagnosticsManager] none
2022-02-10 16:09:16.047+0000 INFO [o.n.i.d.DiagnosticsManager] [mq-deadline] kyber bfq none
2022-02-10 16:09:16.048+0000 INFO [o.n.i.d.DiagnosticsManager] [mq-deadline] kyber bfq none
2022-02-10 16:09:16.048+0000 INFO [o.n.i.d.DiagnosticsManager] none
2022-02-10 16:09:16.049+0000 INFO [o.n.i.d.DiagnosticsManager] none
2022-02-10 16:09:16.050+0000 INFO [o.n.i.d.DiagnosticsManager] [mq-deadline] kyber bfq none
2022-02-10 16:09:16.050+0000 INFO [o.n.i.d.DiagnosticsManager] [mq-deadline] kyber bfq none
2022-02-10 16:09:16.051+0000 INFO [o.n.i.d.DiagnosticsManager] none
2022-02-10 16:09:16.052+0000 INFO [o.n.i.d.DiagnosticsManager] none
2022-02-10 16:09:16.053+0000 INFO [o.n.i.d.DiagnosticsManager] [mq-deadline] kyber bfq none
2022-02-10 16:09:16.053+0000 INFO [o.n.i.d.DiagnosticsManager] [mq-deadline] kyber bfq none
2022-02-10 16:09:16.054+0000 INFO [o.n.i.d.DiagnosticsManager] none
2022-02-10 16:09:16.054+0000 INFO [o.n.i.d.DiagnosticsManager] [mq-deadline] kyber bfq none
2022-02-10 16:09:16.055+0000 INFO [o.n.i.d.DiagnosticsManager] [mq-deadline] kyber bfq none
2022-02-10 16:09:16.056+0000 INFO [o.n.i.d.DiagnosticsManager] [mq-deadline] kyber bfq none
2022-02-10 16:09:16.057+0000 INFO [o.n.i.d.DiagnosticsManager] [mq-deadline] kyber bfq none
2022-02-10 16:09:16.058+0000 INFO [o.n.i.d.DiagnosticsManager] [mq-deadline] kyber bfq none
2022-02-10 16:09:16.058+0000 INFO [o.n.i.d.DiagnosticsManager] none
2022-02-10 16:09:16.059+0000 INFO [o.n.i.d.DiagnosticsManager] none
2022-02-10 16:09:16.059+0000 INFO [o.n.i.d.DiagnosticsManager] [mq-deadline] kyber bfq none
2022-02-10 16:09:16.060+0000 INFO [o.n.i.d.DiagnosticsManager] [mq-deadline] kyber bfq none
2022-02-10 16:09:16.060+0000 INFO [o.n.i.d.DiagnosticsManager] [mq-deadline] kyber bfq none
2022-02-10 16:09:16.061+0000 INFO [o.n.i.d.DiagnosticsManager] none
2022-02-10 16:09:16.062+0000 INFO [o.n.i.d.DiagnosticsManager] [mq-deadline] kyber bfq none
2022-02-10 16:09:16.062+0000 INFO [o.n.i.d.DiagnosticsManager] none
2022-02-10 16:09:16.063+0000 INFO [o.n.i.d.DiagnosticsManager] [mq-deadline] kyber bfq none
2022-02-10 16:09:16.063+0000 INFO [o.n.i.d.DiagnosticsManager] [mq-deadline] kyber bfq none
2022-02-10 16:09:16.064+0000 INFO [o.n.i.d.DiagnosticsManager] none
2022-02-10 16:09:16.064+0000 INFO [o.n.i.d.DiagnosticsManager] none
2022-02-10 16:09:16.064+0000 INFO [o.n.i.d.DiagnosticsManager] [mq-deadline] kyber bfq none
2022-02-10 16:09:16.064+0000 INFO [o.n.i.d.DiagnosticsManager] Network information:
2022-02-10 16:09:16.068+0000 INFO [o.n.i.d.DiagnosticsManager] Interface eth0:
2022-02-10 16:09:16.070+0000 INFO [o.n.i.d.DiagnosticsManager]     address: 192.168.144.2
2022-02-10 16:09:16.071+0000 INFO [o.n.i.d.DiagnosticsManager] Interface lo:
2022-02-10 16:09:16.071+0000 INFO [o.n.i.d.DiagnosticsManager]     address: 127.0.0.1
2022-02-10 16:09:16.071+0000 INFO [o.n.i.d.DiagnosticsManager] --- INITIALIZED diagnostics END ---
2022-02-10 16:09:16.887+0000 INFO [o.n.k.i.s.f.RecordFormatSelector] Selected RecordFormat:StandardV3_4[v0.A.9] record format from store /data/databases/graph.db
2022-02-10 16:09:17.023+0000 INFO [o.n.k.i.s.f.RecordFormatSelector] Selected RecordFormat:StandardV3_4[v0.A.9] record format from store /data/databases/graph.db
2022-02-10 16:09:17.025+0000 INFO [o.n.k.i.s.f.RecordFormatSelector] Format not configured. Selected format from the store: RecordFormat:StandardV3_4[v0.A.9]
2022-02-10 16:09:19.491+0000 INFO [o.n.k.NeoStoreDataSource] No commits found after last check point (which is at LogPosition{logVersion=0, byteOffset=16})
2022-02-10 16:09:19.548+0000 INFO [o.n.i.d.DiagnosticsManager] --- STARTED diagnostics for KernelDiagnostics:Versions START ---
2022-02-10 16:09:19.550+0000 INFO [o.n.i.d.DiagnosticsManager] Graph Database: community single StoreId{creationTime=1644509124825, randomId=-2043388953674247143, storeVersion=16094931155187206, upgradeTime=1644509124825, upgradeId=1}
2022-02-10 16:09:19.552+0000 INFO [o.n.i.d.DiagnosticsManager] Kernel version: 3.5.30,198d21d5ae752c3ce8517654d03025cb16ce3c61
2022-02-10 16:09:19.554+0000 INFO [o.n.i.d.DiagnosticsManager] --- STARTED diagnostics for KernelDiagnostics:Versions END ---
2022-02-10 16:09:19.566+0000 INFO [o.n.i.d.DiagnosticsManager] --- STARTED diagnostics for NEO_STORE_VERSIONS START ---
2022-02-10 16:09:19.568+0000 INFO [o.n.i.d.DiagnosticsManager] Store versions:
2022-02-10 16:09:19.570+0000 INFO [o.n.i.d.DiagnosticsManager]   ArrayPropertyStore[neostore.nodestore.db.labels] v0.A.9
2022-02-10 16:09:19.572+0000 INFO [o.n.i.d.DiagnosticsManager]   NodeStore[neostore.nodestore.db] v0.A.9
2022-02-10 16:09:19.575+0000 INFO [o.n.i.d.DiagnosticsManager]   StringPropertyStore[neostore.propertystore.db.index.keys] v0.A.9
2022-02-10 16:09:19.577+0000 INFO [o.n.i.d.DiagnosticsManager]   PropertyIndexStore[neostore.propertystore.db.index] v0.A.9
2022-02-10 16:09:19.579+0000 INFO [o.n.i.d.DiagnosticsManager]   StringPropertyStore[neostore.propertystore.db.strings] v0.A.9
2022-02-10 16:09:19.582+0000 INFO [o.n.i.d.DiagnosticsManager]   ArrayPropertyStore[neostore.propertystore.db.arrays] v0.A.9
2022-02-10 16:09:19.584+0000 INFO [o.n.i.d.DiagnosticsManager]   PropertyStore[neostore.propertystore.db] v0.A.9
2022-02-10 16:09:19.586+0000 INFO [o.n.i.d.DiagnosticsManager]   RelationshipStore[neostore.relationshipstore.db] v0.A.9
2022-02-10 16:09:19.588+0000 INFO [o.n.i.d.DiagnosticsManager]   StringPropertyStore[neostore.relationshiptypestore.db.names] v0.A.9
2022-02-10 16:09:19.590+0000 INFO [o.n.i.d.DiagnosticsManager]   RelationshipTypeStore[neostore.relationshiptypestore.db] v0.A.9
2022-02-10 16:09:19.592+0000 INFO [o.n.i.d.DiagnosticsManager]   StringPropertyStore[neostore.labeltokenstore.db.names] v0.A.9
2022-02-10 16:09:19.595+0000 INFO [o.n.i.d.DiagnosticsManager]   LabelTokenStore[neostore.labeltokenstore.db] v0.A.9
2022-02-10 16:09:19.596+0000 INFO [o.n.i.d.DiagnosticsManager]   SchemaStore[neostore.schemastore.db] v0.A.9
2022-02-10 16:09:19.598+0000 INFO [o.n.i.d.DiagnosticsManager]   RelationshipGroupStore[neostore.relationshipgroupstore.db] v0.A.9
2022-02-10 16:09:19.600+0000 INFO [o.n.i.d.DiagnosticsManager]   NeoStore[neostore] v0.A.9
2022-02-10 16:09:19.602+0000 INFO [o.n.i.d.DiagnosticsManager] --- STARTED diagnostics for NEO_STORE_VERSIONS END ---
2022-02-10 16:09:19.605+0000 INFO [o.n.i.d.DiagnosticsManager] --- STARTED diagnostics for NEO_STORE_ID_USAGE START ---
2022-02-10 16:09:19.607+0000 INFO [o.n.i.d.DiagnosticsManager] Id usage:
2022-02-10 16:09:19.611+0000 INFO [o.n.i.d.DiagnosticsManager]   ArrayPropertyStore[neostore.nodestore.db.labels]: used=1 high=0
2022-02-10 16:09:19.613+0000 INFO [o.n.i.d.DiagnosticsManager]   NodeStore[neostore.nodestore.db]: used=0 high=-1
2022-02-10 16:09:19.616+0000 INFO [o.n.i.d.DiagnosticsManager]   StringPropertyStore[neostore.propertystore.db.index.keys]: used=1 high=0
2022-02-10 16:09:19.617+0000 INFO [o.n.i.d.DiagnosticsManager]   PropertyIndexStore[neostore.propertystore.db.index]: used=0 high=-1
2022-02-10 16:09:19.619+0000 INFO [o.n.i.d.DiagnosticsManager]   StringPropertyStore[neostore.propertystore.db.strings]: used=1 high=0
2022-02-10 16:09:19.621+0000 INFO [o.n.i.d.DiagnosticsManager]   ArrayPropertyStore[neostore.propertystore.db.arrays]: used=1 high=0
2022-02-10 16:09:19.623+0000 INFO [o.n.i.d.DiagnosticsManager]   PropertyStore[neostore.propertystore.db]: used=0 high=-1
2022-02-10 16:09:19.625+0000 INFO [o.n.i.d.DiagnosticsManager]   RelationshipStore[neostore.relationshipstore.db]: used=0 high=-1
2022-02-10 16:09:19.628+0000 INFO [o.n.i.d.DiagnosticsManager]   StringPropertyStore[neostore.relationshiptypestore.db.names]: used=1 high=0
2022-02-10 16:09:19.631+0000 INFO [o.n.i.d.DiagnosticsManager]   RelationshipTypeStore[neostore.relationshiptypestore.db]: used=0 high=-1
2022-02-10 16:09:19.633+0000 INFO [o.n.i.d.DiagnosticsManager]   StringPropertyStore[neostore.labeltokenstore.db.names]: used=1 high=0
2022-02-10 16:09:19.635+0000 INFO [o.n.i.d.DiagnosticsManager]   LabelTokenStore[neostore.labeltokenstore.db]: used=0 high=-1
2022-02-10 16:09:19.638+0000 INFO [o.n.i.d.DiagnosticsManager]   SchemaStore[neostore.schemastore.db]: used=1 high=0
2022-02-10 16:09:19.640+0000 INFO [o.n.i.d.DiagnosticsManager]   RelationshipGroupStore[neostore.relationshipgroupstore.db]: used=1 high=0
2022-02-10 16:09:19.642+0000 INFO [o.n.i.d.DiagnosticsManager]   NeoStore[neostore]: used=15 high=14
2022-02-10 16:09:19.643+0000 INFO [o.n.i.d.DiagnosticsManager] --- STARTED diagnostics for NEO_STORE_ID_USAGE END ---
2022-02-10 16:09:19.645+0000 INFO [o.n.i.d.DiagnosticsManager] --- STARTED diagnostics for NEO_STORE_RECORDS START ---
2022-02-10 16:09:19.647+0000 INFO [o.n.i.d.DiagnosticsManager] Neostore records:
2022-02-10 16:09:19.656+0000 INFO [o.n.i.d.DiagnosticsManager] TIME (Creation time): 1644509124825
2022-02-10 16:09:19.658+0000 INFO [o.n.i.d.DiagnosticsManager] RANDOM_NUMBER (Random number for store id): -2043388953674247143
2022-02-10 16:09:19.660+0000 INFO [o.n.i.d.DiagnosticsManager] LOG_VERSION (Current log version): 0
2022-02-10 16:09:19.662+0000 INFO [o.n.i.d.DiagnosticsManager] LAST_TRANSACTION_ID (Last committed transaction): 1
2022-02-10 16:09:19.664+0000 INFO [o.n.i.d.DiagnosticsManager] STORE_VERSION (Store format version): 16094931155187206
2022-02-10 16:09:19.665+0000 INFO [o.n.i.d.DiagnosticsManager] FIRST_GRAPH_PROPERTY (First property record containing graph properties): -1
2022-02-10 16:09:19.667+0000 INFO [o.n.i.d.DiagnosticsManager] LAST_CONSTRAINT_TRANSACTION (Last committed transaction containing constraint changes): 0
2022-02-10 16:09:19.670+0000 INFO [o.n.i.d.DiagnosticsManager] UPGRADE_TRANSACTION_ID (Transaction id most recent upgrade was performed at): 1
2022-02-10 16:09:19.677+0000 INFO [o.n.i.d.DiagnosticsManager] UPGRADE_TIME (Time of last upgrade): 1644509124825
2022-02-10 16:09:19.679+0000 INFO [o.n.i.d.DiagnosticsManager] LAST_TRANSACTION_CHECKSUM (Checksum of last committed transaction): 0
2022-02-10 16:09:19.682+0000 INFO [o.n.i.d.DiagnosticsManager] UPGRADE_TRANSACTION_CHECKSUM (Checksum of transaction id the most recent upgrade was performed at): 0
2022-02-10 16:09:19.684+0000 INFO [o.n.i.d.DiagnosticsManager] LAST_CLOSED_TRANSACTION_LOG_VERSION (Log version where the last transaction commit entry has been written into): 0
2022-02-10 16:09:19.686+0000 INFO [o.n.i.d.DiagnosticsManager] LAST_CLOSED_TRANSACTION_LOG_BYTE_OFFSET (Byte offset in the log file where the last transaction commit entry has been written into): 16
2022-02-10 16:09:19.688+0000 INFO [o.n.i.d.DiagnosticsManager] LAST_TRANSACTION_COMMIT_TIMESTAMP (Commit time timestamp for last committed transaction): 0
2022-02-10 16:09:19.690+0000 INFO [o.n.i.d.DiagnosticsManager] UPGRADE_TRANSACTION_COMMIT_TIMESTAMP (Commit timestamp of transaction the most recent upgrade was performed at): 0
2022-02-10 16:09:19.692+0000 INFO [o.n.i.d.DiagnosticsManager] --- STARTED diagnostics for NEO_STORE_RECORDS END ---
2022-02-10 16:09:19.697+0000 INFO [o.n.i.d.DiagnosticsManager] --- STARTED diagnostics for TRANSACTION_RANGE START ---
2022-02-10 16:09:19.699+0000 INFO [o.n.i.d.DiagnosticsManager] Transaction log:
2022-02-10 16:09:19.703+0000 INFO [o.n.i.d.DiagnosticsManager] Oldest transaction 2 found in log with version 0
2022-02-10 16:09:19.704+0000 INFO [o.n.i.d.DiagnosticsManager] --- STARTED diagnostics for TRANSACTION_RANGE END ---
2022-02-10 16:09:19.711+0000 INFO [o.n.i.d.DiagnosticsManager] --- STARTED diagnostics for KernelDiagnostics:StoreFiles START ---
2022-02-10 16:09:19.715+0000 INFO [o.n.i.d.DiagnosticsManager] Disk space on partition (Total / Free / Free %): 499963174912 / 154344099840 / 30
2022-02-10 16:09:19.716+0000 INFO [o.n.i.d.DiagnosticsManager] Storage files: (filename : modification date - size)
2022-02-10 16:09:19.726+0000 INFO [o.n.i.d.DiagnosticsManager]   index:
2022-02-10 16:09:19.729+0000 INFO [o.n.i.d.DiagnosticsManager]   - Total: 2022-02-10T16:05:25+0000 - 0.00 B
2022-02-10 16:09:19.732+0000 INFO [o.n.i.d.DiagnosticsManager]   neostore: 2022-02-10T16:05:24+0000 - 8.00 kB
2022-02-10 16:09:19.736+0000 INFO [o.n.i.d.DiagnosticsManager]   neostore.counts.db.a: 2022-02-10T16:05:25+0000 - 96.00 B
2022-02-10 16:09:19.738+0000 INFO [o.n.i.d.DiagnosticsManager]   neostore.id: 2022-02-10T16:09:17+0000 - 9.00 B
2022-02-10 16:09:19.742+0000 INFO [o.n.i.d.DiagnosticsManager]   neostore.labelscanstore.db: 2022-02-10T16:09:19+0000 - 40.00 kB
2022-02-10 16:09:19.744+0000 INFO [o.n.i.d.DiagnosticsManager]   neostore.labeltokenstore.db: 2022-02-10T16:05:24+0000 - 0.00 B
2022-02-10 16:09:19.746+0000 INFO [o.n.i.d.DiagnosticsManager]   neostore.labeltokenstore.db.id: 2022-02-10T16:09:17+0000 - 9.00 B
2022-02-10 16:09:19.748+0000 INFO [o.n.i.d.DiagnosticsManager]   neostore.labeltokenstore.db.names: 2022-02-10T16:05:24+0000 - 8.00 kB
2022-02-10 16:09:19.750+0000 INFO [o.n.i.d.DiagnosticsManager]   neostore.labeltokenstore.db.names.id: 2022-02-10T16:09:17+0000 - 9.00 B
2022-02-10 16:09:19.752+0000 INFO [o.n.i.d.DiagnosticsManager]   neostore.nodestore.db: 2022-02-10T16:05:24+0000 - 0.00 B
2022-02-10 16:09:19.754+0000 INFO [o.n.i.d.DiagnosticsManager]   neostore.nodestore.db.id: 2022-02-10T16:09:17+0000 - 9.00 B
2022-02-10 16:09:19.757+0000 INFO [o.n.i.d.DiagnosticsManager]   neostore.nodestore.db.labels: 2022-02-10T16:05:24+0000 - 8.00 kB
2022-02-10 16:09:19.760+0000 INFO [o.n.i.d.DiagnosticsManager]   neostore.nodestore.db.labels.id: 2022-02-10T16:09:17+0000 - 9.00 B
2022-02-10 16:09:19.762+0000 INFO [o.n.i.d.DiagnosticsManager]   neostore.propertystore.db: 2022-02-10T16:05:24+0000 - 0.00 B
2022-02-10 16:09:19.764+0000 INFO [o.n.i.d.DiagnosticsManager]   neostore.propertystore.db.arrays: 2022-02-10T16:05:24+0000 - 8.00 kB
2022-02-10 16:09:19.767+0000 INFO [o.n.i.d.DiagnosticsManager]   neostore.propertystore.db.arrays.id: 2022-02-10T16:09:17+0000 - 9.00 B
2022-02-10 16:09:19.770+0000 INFO [o.n.i.d.DiagnosticsManager]   neostore.propertystore.db.id: 2022-02-10T16:09:17+0000 - 9.00 B
2022-02-10 16:09:19.772+0000 INFO [o.n.i.d.DiagnosticsManager]   neostore.propertystore.db.index: 2022-02-10T16:05:24+0000 - 0.00 B
2022-02-10 16:09:19.775+0000 INFO [o.n.i.d.DiagnosticsManager]   neostore.propertystore.db.index.id: 2022-02-10T16:09:17+0000 - 9.00 B
2022-02-10 16:09:19.777+0000 INFO [o.n.i.d.DiagnosticsManager]   neostore.propertystore.db.index.keys: 2022-02-10T16:05:24+0000 - 8.00 kB
2022-02-10 16:09:19.781+0000 INFO [o.n.i.d.DiagnosticsManager]   neostore.propertystore.db.index.keys.id: 2022-02-10T16:09:17+0000 - 9.00 B
2022-02-10 16:09:19.783+0000 INFO [o.n.i.d.DiagnosticsManager]   neostore.propertystore.db.strings: 2022-02-10T16:05:24+0000 - 8.00 kB
2022-02-10 16:09:19.787+0000 INFO [o.n.i.d.DiagnosticsManager]   neostore.propertystore.db.strings.id: 2022-02-10T16:09:17+0000 - 9.00 B
2022-02-10 16:09:19.791+0000 INFO [o.n.i.d.DiagnosticsManager]   neostore.relationshipgroupstore.db: 2022-02-10T16:05:24+0000 - 8.00 kB
2022-02-10 16:09:19.793+0000 INFO [o.n.i.d.DiagnosticsManager]   neostore.relationshipgroupstore.db.id: 2022-02-10T16:09:17+0000 - 9.00 B
2022-02-10 16:09:19.797+0000 INFO [o.n.i.d.DiagnosticsManager]   neostore.relationshipstore.db: 2022-02-10T16:05:24+0000 - 0.00 B
2022-02-10 16:09:19.799+0000 INFO [o.n.i.d.DiagnosticsManager]   neostore.relationshipstore.db.id: 2022-02-10T16:09:17+0000 - 9.00 B
2022-02-10 16:09:19.801+0000 INFO [o.n.i.d.DiagnosticsManager]   neostore.relationshiptypestore.db: 2022-02-10T16:05:24+0000 - 0.00 B
2022-02-10 16:09:19.804+0000 INFO [o.n.i.d.DiagnosticsManager]   neostore.relationshiptypestore.db.id: 2022-02-10T16:09:17+0000 - 9.00 B
2022-02-10 16:09:19.806+0000 INFO [o.n.i.d.DiagnosticsManager]   neostore.relationshiptypestore.db.names: 2022-02-10T16:05:24+0000 - 8.00 kB
2022-02-10 16:09:19.808+0000 INFO [o.n.i.d.DiagnosticsManager]   neostore.relationshiptypestore.db.names.id: 2022-02-10T16:09:17+0000 - 9.00 B
2022-02-10 16:09:19.810+0000 INFO [o.n.i.d.DiagnosticsManager]   neostore.schemastore.db: 2022-02-10T16:05:24+0000 - 8.00 kB
2022-02-10 16:09:19.812+0000 INFO [o.n.i.d.DiagnosticsManager]   neostore.schemastore.db.id: 2022-02-10T16:09:17+0000 - 9.00 B
2022-02-10 16:09:19.814+0000 INFO [o.n.i.d.DiagnosticsManager]   neostore.transaction.db.0: 2022-02-10T16:08:24+0000 - 34.00 B
2022-02-10 16:09:19.816+0000 INFO [o.n.i.d.DiagnosticsManager] Storage summary: 
2022-02-10 16:09:19.818+0000 INFO [o.n.i.d.DiagnosticsManager]   Total size of store: 112.26 kB
2022-02-10 16:09:19.820+0000 INFO [o.n.i.d.DiagnosticsManager]   Total size of mapped files: 112.00 kB
2022-02-10 16:09:19.822+0000 INFO [o.n.i.d.DiagnosticsManager] --- STARTED diagnostics for KernelDiagnostics:StoreFiles END ---
2022-02-10 16:09:19.825+0000 INFO [o.n.k.a.DatabaseAvailabilityGuard] Fulfilling of requirement 'Database available' makes database graph.db available.
2022-02-10 16:09:19.828+0000 INFO [o.n.k.a.DatabaseAvailabilityGuard] Database graph.db is ready.
2022-02-10 16:09:19.831+0000 INFO [o.n.k.i.DatabaseHealth] Database health set to OK
2022-02-10 16:09:21.110+0000 INFO [o.n.b.BoltServer] Bolt server loaded
2022-02-10 16:09:21.850+0000 INFO [o.n.b.BoltServer] Bolt enabled on 0.0.0.0:7687.
2022-02-10 16:09:28.315+0000 INFO [o.n.i.d.DiagnosticsManager] --- SERVER STARTED START ---
2022-02-10 16:09:31.679+0000 INFO [o.n.i.d.DiagnosticsManager] --- SERVER STARTED END ---
2022-02-10 16:10:01.807+0000 INFO [o.n.k.a.DatabaseAvailabilityGuard] Database graph.db is unavailable.
2022-02-10 16:10:01.832+0000 INFO [o.n.g.f.GraphDatabaseFacadeFactory] Shutdown started
2022-02-10 16:10:01.850+0000 INFO [o.n.g.f.GraphDatabaseFacadeFactory] Shutting down 'graph.db' database.
2022-02-10 16:10:01.851+0000 INFO [o.n.g.f.GraphDatabaseFacadeFactory] Shutdown started
2022-02-10 16:10:01.856+0000 INFO [o.n.k.i.t.l.c.CheckPointerImpl] Checkpoint triggered by "Database shutdown" @ txId: 1 checkpoint started...
2022-02-10 16:10:01.881+0000 INFO [o.n.k.i.t.l.c.CheckPointerImpl] Checkpoint triggered by "Database shutdown" @ txId: 1 checkpoint completed in 22ms
2022-02-10 16:10:01.883+0000 INFO [o.n.k.i.t.l.p.LogPruningImpl] No log version pruned, last checkpoint was made in version 0
2022-02-10 16:10:01.936+0000 INFO [o.n.i.d.DiagnosticsManager] --- STOPPING diagnostics START ---
2022-02-10 16:10:01.936+0000 INFO [o.n.i.d.DiagnosticsManager] --- STOPPING diagnostics END ---
